2022-06-16 11:56:46.123  INFO 1780 --- [main] com.carrier.crud.CrudApplication         : Starting CrudApplication on A0013000455 with PID 1780 (C:\Users\fgueva01\Documents\carriermovilnetBackend-v2\target\classes started by fgueva01 in C:\Users\fgueva01\Documents\carriermovilnetBackend-v2)
2022-06-16 11:56:46.133  INFO 1780 --- [main] com.carrier.crud.CrudApplication         : No active profile set, falling back to default profiles: default
2022-06-16 11:56:47.261  INFO 1780 --- [main] .s.d.r.c.RepositoryConfigurationDelegate : Bootstrapping Spring Data JPA repositories in DEFAULT mode.
2022-06-16 11:56:47.396  INFO 1780 --- [main] .s.d.r.c.RepositoryConfigurationDelegate : Finished Spring Data repository scanning in 122ms. Found 12 JPA repository interfaces.
2022-06-16 11:56:47.821  INFO 1780 --- [main] trationDelegate$BeanPostProcessorChecker : Bean 'org.springframework.transaction.annotation.ProxyTransactionManagementConfiguration' of type [org.springframework.transaction.annotation.ProxyTransactionManagementConfiguration] is not eligible for getting processed by all BeanPostProcessors (for example: not eligible for auto-proxying)
2022-06-16 11:56:47.856  INFO 1780 --- [main] trationDelegate$BeanPostProcessorChecker : Bean 'org.springframework.security.config.annotation.configuration.ObjectPostProcessorConfiguration' of type [org.springframework.security.config.annotation.configuration.ObjectPostProcessorConfiguration] is not eligible for getting processed by all BeanPostProcessors (for example: not eligible for auto-proxying)
2022-06-16 11:56:47.861  INFO 1780 --- [main] trationDelegate$BeanPostProcessorChecker : Bean 'objectPostProcessor' of type [org.springframework.security.config.annotation.configuration.AutowireBeanFactoryObjectPostProcessor] is not eligible for getting processed by all BeanPostProcessors (for example: not eligible for auto-proxying)
2022-06-16 11:56:47.861  INFO 1780 --- [main] trationDelegate$BeanPostProcessorChecker : Bean 'org.springframework.security.access.expression.method.DefaultMethodSecurityExpressionHandler@4fe01805' of type [org.springframework.security.access.expression.method.DefaultMethodSecurityExpressionHandler] is not eligible for getting processed by all BeanPostProcessors (for example: not eligible for auto-proxying)
2022-06-16 11:56:47.861  INFO 1780 --- [main] trationDelegate$BeanPostProcessorChecker : Bean 'org.springframework.security.config.annotation.method.configuration.GlobalMethodSecurityConfiguration' of type [org.springframework.security.config.annotation.method.configuration.GlobalMethodSecurityConfiguration] is not eligible for getting processed by all BeanPostProcessors (for example: not eligible for auto-proxying)
2022-06-16 11:56:47.871  INFO 1780 --- [main] trationDelegate$BeanPostProcessorChecker : Bean 'methodSecurityMetadataSource' of type [org.springframework.security.access.method.DelegatingMethodSecurityMetadataSource] is not eligible for getting processed by all BeanPostProcessors (for example: not eligible for auto-proxying)
2022-06-16 11:56:48.393  INFO 1780 --- [main] o.s.b.w.embedded.tomcat.TomcatWebServer  : Tomcat initialized with port(s): 8080 (http)
2022-06-16 11:56:48.408  INFO 1780 --- [main] o.apache.catalina.core.StandardService   : Starting service [Tomcat]
2022-06-16 11:56:48.408  INFO 1780 --- [main] org.apache.catalina.core.StandardEngine  : Starting Servlet engine: [Apache Tomcat/9.0.29]
2022-06-16 11:56:48.523  INFO 1780 --- [main] o.a.c.c.C.[Tomcat].[localhost].[/]       : Initializing Spring embedded WebApplicationContext
2022-06-16 11:56:48.523  INFO 1780 --- [main] o.s.web.context.ContextLoader            : Root WebApplicationContext: initialization completed in 2330 ms
2022-06-16 11:56:48.801  INFO 1780 --- [main] o.hibernate.jpa.internal.util.LogHelper  : HHH000204: Processing PersistenceUnitInfo [name: default]
2022-06-16 11:56:48.978  INFO 1780 --- [main] org.hibernate.Version                    : HHH000412: Hibernate Core {5.4.9.Final}
2022-06-16 11:56:49.193  INFO 1780 --- [main] o.hibernate.annotations.common.Version   : HCANN000001: Hibernate Commons Annotations {5.1.0.Final}
2022-06-16 11:56:49.339  INFO 1780 --- [main] com.zaxxer.hikari.HikariDataSource       : HikariPool-1 - Starting...
2022-06-16 11:56:49.903  INFO 1780 --- [main] com.zaxxer.hikari.HikariDataSource       : HikariPool-1 - Start completed.
2022-06-16 11:56:49.938  INFO 1780 --- [main] org.hibernate.dialect.Dialect            : HHH000400: Using dialect: org.hibernate.dialect.PostgreSQLDialect
2022-06-16 11:56:51.308  INFO 1780 --- [main] o.h.e.t.j.p.i.JtaPlatformInitiator       : HHH000490: Using JtaPlatform implementation: [org.hibernate.engine.transaction.jta.platform.internal.NoJtaPlatform]
2022-06-16 11:56:51.318  INFO 1780 --- [main] j.LocalContainerEntityManagerFactoryBean : Initialized JPA EntityManagerFactory for persistence unit 'default'
2022-06-16 11:56:52.593  INFO 1780 --- [main] o.s.s.web.DefaultSecurityFilterChain     : Creating filter chain: any request, [org.springframework.security.web.context.request.async.WebAsyncManagerIntegrationFilter@4ac7856f, org.springframework.security.web.context.SecurityContextPersistenceFilter@6e0d058a, org.springframework.security.web.header.HeaderWriterFilter@174b8d0e, org.springframework.web.filter.CorsFilter@432f4626, org.springframework.security.web.authentication.logout.LogoutFilter@1feb586d, com.carrier.crud.security.jwt.JwtTokenFilter@f3876ef, org.springframework.security.web.savedrequest.RequestCacheAwareFilter@adc3344, org.springframework.security.web.servletapi.SecurityContextHolderAwareRequestFilter@1c2cdc67, org.springframework.security.web.authentication.AnonymousAuthenticationFilter@297c3a43, org.springframework.security.web.session.SessionManagementFilter@1214c98b, org.springframework.security.web.access.ExceptionTranslationFilter@63c4d16, org.springframework.security.web.access.intercept.FilterSecurityInterceptor@77d959f1]
2022-06-16 11:56:52.660  INFO 1780 --- [main] o.s.s.concurrent.ThreadPoolTaskExecutor  : Initializing ExecutorService 'applicationTaskExecutor'
2022-06-16 11:56:52.869  INFO 1780 --- [main] o.s.b.w.embedded.tomcat.TomcatWebServer  : Tomcat started on port(s): 8080 (http) with context path ''
2022-06-16 11:56:52.869  INFO 1780 --- [main] com.carrier.crud.CrudApplication         : Started CrudApplication in 7.343 seconds (JVM running for 7.888)
2022-06-16 11:57:06.944  INFO 1780 --- [http-nio-8080-exec-1] o.a.c.c.C.[Tomcat].[localhost].[/]       : Initializing Spring DispatcherServlet 'dispatcherServlet'
2022-06-16 11:57:06.944  INFO 1780 --- [http-nio-8080-exec-1] o.s.web.servlet.DispatcherServlet        : Initializing Servlet 'dispatcherServlet'
2022-06-16 11:57:06.958  INFO 1780 --- [http-nio-8080-exec-1] o.s.web.servlet.DispatcherServlet        : Completed initialization in 14 ms
2022-06-16 12:11:52.543  INFO 4380 --- [main] com.carrier.crud.CrudApplicationTests    : Starting CrudApplicationTests on A0013000455 with PID 4380 (started by fgueva01 in C:\Users\fgueva01\Documents\carriermovilnetBackend-v2)
2022-06-16 12:11:52.545  INFO 4380 --- [main] com.carrier.crud.CrudApplicationTests    : No active profile set, falling back to default profiles: default
2022-06-16 12:11:53.493  INFO 4380 --- [main] .s.d.r.c.RepositoryConfigurationDelegate : Bootstrapping Spring Data JPA repositories in DEFAULT mode.
2022-06-16 12:11:53.639  INFO 4380 --- [main] .s.d.r.c.RepositoryConfigurationDelegate : Finished Spring Data repository scanning in 132ms. Found 12 JPA repository interfaces.
2022-06-16 12:11:54.135  INFO 4380 --- [main] trationDelegate$BeanPostProcessorChecker : Bean 'org.springframework.transaction.annotation.ProxyTransactionManagementConfiguration' of type [org.springframework.transaction.annotation.ProxyTransactionManagementConfiguration] is not eligible for getting processed by all BeanPostProcessors (for example: not eligible for auto-proxying)
2022-06-16 12:11:54.172  INFO 4380 --- [main] trationDelegate$BeanPostProcessorChecker : Bean 'org.springframework.security.config.annotation.configuration.ObjectPostProcessorConfiguration' of type [org.springframework.security.config.annotation.configuration.ObjectPostProcessorConfiguration] is not eligible for getting processed by all BeanPostProcessors (for example: not eligible for auto-proxying)
2022-06-16 12:11:54.177  INFO 4380 --- [main] trationDelegate$BeanPostProcessorChecker : Bean 'objectPostProcessor' of type [org.springframework.security.config.annotation.configuration.AutowireBeanFactoryObjectPostProcessor] is not eligible for getting processed by all BeanPostProcessors (for example: not eligible for auto-proxying)
2022-06-16 12:11:54.181  INFO 4380 --- [main] trationDelegate$BeanPostProcessorChecker : Bean 'org.springframework.security.access.expression.method.DefaultMethodSecurityExpressionHandler@12010fd1' of type [org.springframework.security.access.expression.method.DefaultMethodSecurityExpressionHandler] is not eligible for getting processed by all BeanPostProcessors (for example: not eligible for auto-proxying)
2022-06-16 12:11:54.187  INFO 4380 --- [main] trationDelegate$BeanPostProcessorChecker : Bean 'org.springframework.security.config.annotation.method.configuration.GlobalMethodSecurityConfiguration' of type [org.springframework.security.config.annotation.method.configuration.GlobalMethodSecurityConfiguration] is not eligible for getting processed by all BeanPostProcessors (for example: not eligible for auto-proxying)
2022-06-16 12:11:54.194  INFO 4380 --- [main] trationDelegate$BeanPostProcessorChecker : Bean 'methodSecurityMetadataSource' of type [org.springframework.security.access.method.DelegatingMethodSecurityMetadataSource] is not eligible for getting processed by all BeanPostProcessors (for example: not eligible for auto-proxying)
2022-06-16 12:11:54.455  INFO 4380 --- [main] o.hibernate.jpa.internal.util.LogHelper  : HHH000204: Processing PersistenceUnitInfo [name: default]
2022-06-16 12:11:54.600  INFO 4380 --- [main] org.hibernate.Version                    : HHH000412: Hibernate Core {5.4.9.Final}
2022-06-16 12:11:54.757  INFO 4380 --- [main] o.hibernate.annotations.common.Version   : HCANN000001: Hibernate Commons Annotations {5.1.0.Final}
2022-06-16 12:11:55.114  INFO 4380 --- [main] com.zaxxer.hikari.HikariDataSource       : HikariPool-1 - Starting...
2022-06-16 12:11:55.629  INFO 4380 --- [main] com.zaxxer.hikari.HikariDataSource       : HikariPool-1 - Start completed.
2022-06-16 12:11:55.654  INFO 4380 --- [main] org.hibernate.dialect.Dialect            : HHH000400: Using dialect: org.hibernate.dialect.PostgreSQLDialect
2022-06-16 12:11:57.020  INFO 4380 --- [main] o.h.e.t.j.p.i.JtaPlatformInitiator       : HHH000490: Using JtaPlatform implementation: [org.hibernate.engine.transaction.jta.platform.internal.NoJtaPlatform]
2022-06-16 12:11:57.028  INFO 4380 --- [main] j.LocalContainerEntityManagerFactoryBean : Initialized JPA EntityManagerFactory for persistence unit 'default'
2022-06-16 12:11:58.798  INFO 4380 --- [main] o.s.s.web.DefaultSecurityFilterChain     : Creating filter chain: any request, [org.springframework.security.web.context.request.async.WebAsyncManagerIntegrationFilter@29db008c, org.springframework.security.web.context.SecurityContextPersistenceFilter@4ac0ed65, org.springframework.security.web.header.HeaderWriterFilter@351c6341, org.springframework.web.filter.CorsFilter@1d008e61, org.springframework.security.web.authentication.logout.LogoutFilter@2cebf82f, com.carrier.crud.security.jwt.JwtTokenFilter@5b895e76, org.springframework.security.web.savedrequest.RequestCacheAwareFilter@4adcc981, org.springframework.security.web.servletapi.SecurityContextHolderAwareRequestFilter@d190639, org.springframework.security.web.authentication.AnonymousAuthenticationFilter@191b44ca, org.springframework.security.web.session.SessionManagementFilter@3835d3fd, org.springframework.security.web.access.ExceptionTranslationFilter@b81938d, org.springframework.security.web.access.intercept.FilterSecurityInterceptor@5059d398]
2022-06-16 12:11:59.109  INFO 4380 --- [main] o.s.s.concurrent.ThreadPoolTaskExecutor  : Initializing ExecutorService 'applicationTaskExecutor'
2022-06-16 12:11:59.429  INFO 4380 --- [main] com.carrier.crud.CrudApplicationTests    : Started CrudApplicationTests in 7.262 seconds (JVM running for 8.52)
2022-06-16 12:11:59.620  INFO 4380 --- [SpringContextShutdownHook] o.s.s.concurrent.ThreadPoolTaskExecutor  : Shutting down ExecutorService 'applicationTaskExecutor'
2022-06-16 12:11:59.634  INFO 4380 --- [SpringContextShutdownHook] j.LocalContainerEntityManagerFactoryBean : Closing JPA EntityManagerFactory for persistence unit 'default'
2022-06-16 12:11:59.637  INFO 4380 --- [SpringContextShutdownHook] com.zaxxer.hikari.HikariDataSource       : HikariPool-1 - Shutdown initiated...
2022-06-16 12:11:59.648  INFO 4380 --- [SpringContextShutdownHook] com.zaxxer.hikari.HikariDataSource       : HikariPool-1 - Shutdown completed.
2022-06-16 13:45:08.993  INFO 12860 --- [main] com.carrier.crud.CrudApplication         : Starting CrudApplication on A0013000455 with PID 12860 (C:\Users\fgueva01\Documents\carriermovilnetBackend-v2\target\classes started by fgueva01 in C:\Users\fgueva01\Documents\carriermovilnetBackend-v2)
2022-06-16 13:45:09.009  INFO 12860 --- [main] com.carrier.crud.CrudApplication         : No active profile set, falling back to default profiles: default
2022-06-16 13:45:09.848  INFO 12860 --- [main] .s.d.r.c.RepositoryConfigurationDelegate : Bootstrapping Spring Data JPA repositories in DEFAULT mode.
2022-06-16 13:45:09.979  INFO 12860 --- [main] .s.d.r.c.RepositoryConfigurationDelegate : Finished Spring Data repository scanning in 117ms. Found 12 JPA repository interfaces.
2022-06-16 13:45:10.388  INFO 12860 --- [main] trationDelegate$BeanPostProcessorChecker : Bean 'org.springframework.transaction.annotation.ProxyTransactionManagementConfiguration' of type [org.springframework.transaction.annotation.ProxyTransactionManagementConfiguration] is not eligible for getting processed by all BeanPostProcessors (for example: not eligible for auto-proxying)
2022-06-16 13:45:10.414  INFO 12860 --- [main] trationDelegate$BeanPostProcessorChecker : Bean 'org.springframework.security.config.annotation.configuration.ObjectPostProcessorConfiguration' of type [org.springframework.security.config.annotation.configuration.ObjectPostProcessorConfiguration] is not eligible for getting processed by all BeanPostProcessors (for example: not eligible for auto-proxying)
2022-06-16 13:45:10.417  INFO 12860 --- [main] trationDelegate$BeanPostProcessorChecker : Bean 'objectPostProcessor' of type [org.springframework.security.config.annotation.configuration.AutowireBeanFactoryObjectPostProcessor] is not eligible for getting processed by all BeanPostProcessors (for example: not eligible for auto-proxying)
2022-06-16 13:45:10.419  INFO 12860 --- [main] trationDelegate$BeanPostProcessorChecker : Bean 'org.springframework.security.access.expression.method.DefaultMethodSecurityExpressionHandler@5652f555' of type [org.springframework.security.access.expression.method.DefaultMethodSecurityExpressionHandler] is not eligible for getting processed by all BeanPostProcessors (for example: not eligible for auto-proxying)
2022-06-16 13:45:10.421  INFO 12860 --- [main] trationDelegate$BeanPostProcessorChecker : Bean 'org.springframework.security.config.annotation.method.configuration.GlobalMethodSecurityConfiguration' of type [org.springframework.security.config.annotation.method.configuration.GlobalMethodSecurityConfiguration] is not eligible for getting processed by all BeanPostProcessors (for example: not eligible for auto-proxying)
2022-06-16 13:45:10.426  INFO 12860 --- [main] trationDelegate$BeanPostProcessorChecker : Bean 'methodSecurityMetadataSource' of type [org.springframework.security.access.method.DelegatingMethodSecurityMetadataSource] is not eligible for getting processed by all BeanPostProcessors (for example: not eligible for auto-proxying)
2022-06-16 13:45:10.984  INFO 12860 --- [main] o.s.b.w.embedded.tomcat.TomcatWebServer  : Tomcat initialized with port(s): 8080 (http)
2022-06-16 13:45:10.997  INFO 12860 --- [main] o.apache.catalina.core.StandardService   : Starting service [Tomcat]
2022-06-16 13:45:10.998  INFO 12860 --- [main] org.apache.catalina.core.StandardEngine  : Starting Servlet engine: [Apache Tomcat/9.0.29]
2022-06-16 13:45:11.112  INFO 12860 --- [main] o.a.c.c.C.[Tomcat].[localhost].[/]       : Initializing Spring embedded WebApplicationContext
2022-06-16 13:45:11.113  INFO 12860 --- [main] o.s.web.context.ContextLoader            : Root WebApplicationContext: initialization completed in 2051 ms
2022-06-16 13:45:11.388  INFO 12860 --- [main] o.hibernate.jpa.internal.util.LogHelper  : HHH000204: Processing PersistenceUnitInfo [name: default]
2022-06-16 13:45:11.538  INFO 12860 --- [main] org.hibernate.Version                    : HHH000412: Hibernate Core {5.4.9.Final}
2022-06-16 13:45:11.706  INFO 12860 --- [main] o.hibernate.annotations.common.Version   : HCANN000001: Hibernate Commons Annotations {5.1.0.Final}
2022-06-16 13:45:11.840  INFO 12860 --- [main] com.zaxxer.hikari.HikariDataSource       : HikariPool-1 - Starting...
2022-06-16 13:45:12.345  INFO 12860 --- [main] com.zaxxer.hikari.HikariDataSource       : HikariPool-1 - Start completed.
2022-06-16 13:45:12.367  INFO 12860 --- [main] org.hibernate.dialect.Dialect            : HHH000400: Using dialect: org.hibernate.dialect.PostgreSQLDialect
2022-06-16 13:45:13.698  INFO 12860 --- [main] o.h.e.t.j.p.i.JtaPlatformInitiator       : HHH000490: Using JtaPlatform implementation: [org.hibernate.engine.transaction.jta.platform.internal.NoJtaPlatform]
2022-06-16 13:45:13.706  INFO 12860 --- [main] j.LocalContainerEntityManagerFactoryBean : Initialized JPA EntityManagerFactory for persistence unit 'default'
2022-06-16 13:45:14.990  INFO 12860 --- [main] o.s.s.web.DefaultSecurityFilterChain     : Creating filter chain: any request, [org.springframework.security.web.context.request.async.WebAsyncManagerIntegrationFilter@3c4ad54, org.springframework.security.web.context.SecurityContextPersistenceFilter@18b3db6e, org.springframework.security.web.header.HeaderWriterFilter@1f4dd016, org.springframework.web.filter.CorsFilter@4b22214d, org.springframework.security.web.authentication.logout.LogoutFilter@69a76b74, com.carrier.crud.security.jwt.JwtTokenFilter@2570b316, org.springframework.security.web.savedrequest.RequestCacheAwareFilter@34695b23, org.springframework.security.web.servletapi.SecurityContextHolderAwareRequestFilter@5cd701e4, org.springframework.security.web.authentication.AnonymousAuthenticationFilter@498b611e, org.springframework.security.web.session.SessionManagementFilter@24e1e90a, org.springframework.security.web.access.ExceptionTranslationFilter@4cadd4d4, org.springframework.security.web.access.intercept.FilterSecurityInterceptor@2ac9e53c]
2022-06-16 13:45:15.061  INFO 12860 --- [main] o.s.s.concurrent.ThreadPoolTaskExecutor  : Initializing ExecutorService 'applicationTaskExecutor'
2022-06-16 13:45:15.238  INFO 12860 --- [main] o.s.b.w.embedded.tomcat.TomcatWebServer  : Tomcat started on port(s): 8080 (http) with context path ''
2022-06-16 13:45:15.240  INFO 12860 --- [main] com.carrier.crud.CrudApplication         : Started CrudApplication in 6.72 seconds (JVM running for 7.168)
2022-06-16 13:45:23.147  INFO 12860 --- [http-nio-8080-exec-1] o.a.c.c.C.[Tomcat].[localhost].[/]       : Initializing Spring DispatcherServlet 'dispatcherServlet'
2022-06-16 13:45:23.149  INFO 12860 --- [http-nio-8080-exec-1] o.s.web.servlet.DispatcherServlet        : Initializing Servlet 'dispatcherServlet'
2022-06-16 13:45:23.163  INFO 12860 --- [http-nio-8080-exec-1] o.s.web.servlet.DispatcherServlet        : Completed initialization in 14 ms
2022-06-16 13:53:34.926  INFO 12860 --- [http-nio-8080-exec-7] c.c.crud.controller.OperadorController   : Get Operadores de Debito Error en el Nombre de Usuario - 13:53:34.925
2022-06-16 13:53:34.926  INFO 12860 --- [http-nio-8080-exec-5] c.c.crud.controller.FacturaController    : Get Factura Sin Valor Comercial Error en el Nombre de Usuario - 13:53:34.926
2022-06-16 13:53:34.930  INFO 12860 --- [http-nio-8080-exec-6] c.c.crud.controller.ServicioController   : Get Servicio de Debito Error en el Nombre de Usuario - 13:53:34.930
2022-06-16 13:53:34.933  INFO 12860 --- [http-nio-8080-exec-8] c.c.c.controller.AnalisisTFController    : Get Factura Sin Valor Comercial Error en el Nombre de Usuario - 13:53:34.933
2022-06-16 13:53:41.575  INFO 12860 --- [http-nio-8080-exec-9] c.c.crud.controller.FacturaController    : Get Factura Sin Valor Comercial Error en el Nombre de Usuario - 13:53:41.575
2022-06-16 13:53:41.588  INFO 12860 --- [http-nio-8080-exec-10] c.c.crud.controller.OperadorController   : Get Operadores de Debito Error en el Nombre de Usuario - 13:53:41.588
2022-06-16 13:53:41.593  INFO 12860 --- [http-nio-8080-exec-3] c.c.crud.controller.ServicioController   : Get Servicio de Debito Error en el Nombre de Usuario - 13:53:41.593
2022-06-16 13:53:41.595  INFO 12860 --- [http-nio-8080-exec-1] c.c.c.controller.AnalisisTFController    : Get Factura Sin Valor Comercial Error en el Nombre de Usuario - 13:53:41.595
2022-06-16 13:55:23.416  INFO 12860 --- [http-nio-8080-exec-5] c.c.crud.controller.OperadorController   : Get Operadores por el Usuario - 13:55:23.416 - Fran
2022-06-16 13:55:23.440  INFO 12860 --- [http-nio-8080-exec-9] c.c.crud.controller.OperadorController   : Get Operadores por el Usuario - 13:55:23.440 - Fran
2022-06-16 13:55:25.432  INFO 12860 --- [http-nio-8080-exec-10] c.c.crud.controller.FacturaController    : Get Factura Sin Valor Comercial Error en el Nombre de Usuario - 13:55:25.431
2022-06-16 13:55:25.432  INFO 12860 --- [http-nio-8080-exec-3] c.c.crud.controller.OperadorController   : Get Operadores de Debito Error en el Nombre de Usuario - 13:55:25.432
2022-06-16 13:55:25.443  INFO 12860 --- [http-nio-8080-exec-10] c.c.c.controller.AnalisisTFController    : Get Factura Sin Valor Comercial Error en el Nombre de Usuario - 13:55:25.443
2022-06-16 13:55:25.443  INFO 12860 --- [http-nio-8080-exec-1] c.c.crud.controller.ServicioController   : Get Servicio de Debito Error en el Nombre de Usuario - 13:55:25.443
2022-06-16 13:55:35.104  INFO 12860 --- [http-nio-8080-exec-7] c.c.crud.controller.FacturaController    : Get Factura Sin Valor Comercial Error en el Nombre de Usuario - 13:55:35.104
2022-06-16 13:55:35.105  INFO 12860 --- [http-nio-8080-exec-8] c.c.crud.controller.OperadorController   : Get Operadores de Debito Error en el Nombre de Usuario - 13:55:35.105
2022-06-16 13:55:35.105  INFO 12860 --- [http-nio-8080-exec-2] c.c.crud.controller.ServicioController   : Get Servicio de Debito Error en el Nombre de Usuario - 13:55:35.105
2022-06-16 13:55:35.113  INFO 12860 --- [http-nio-8080-exec-6] c.c.c.controller.AnalisisTFController    : Get Factura Sin Valor Comercial Error en el Nombre de Usuario - 13:55:35.113
