2023-01-09 13:55:29.320  INFO 13580 --- [main] com.carrier.crud.CrudApplicationTests    : Starting CrudApplicationTests on DESKTOP-JSSIA35 with PID 13580 (started by FranMovilnet in C:\Users\FranMovilnet\Desktop\Noel\InterconexionesIX\carriermovilnetBackend-v2)
2023-01-09 13:55:29.323  INFO 13580 --- [main] com.carrier.crud.CrudApplicationTests    : No active profile set, falling back to default profiles: default
2023-01-09 13:55:30.365  INFO 13580 --- [main] .s.d.r.c.RepositoryConfigurationDelegate : Bootstrapping Spring Data JPA repositories in DEFAULT mode.
2023-01-09 13:55:30.506  INFO 13580 --- [main] .s.d.r.c.RepositoryConfigurationDelegate : Finished Spring Data repository scanning in 131ms. Found 12 JPA repository interfaces.
2023-01-09 13:55:31.260  INFO 13580 --- [main] trationDelegate$BeanPostProcessorChecker : Bean 'org.springframework.transaction.annotation.ProxyTransactionManagementConfiguration' of type [org.springframework.transaction.annotation.ProxyTransactionManagementConfiguration] is not eligible for getting processed by all BeanPostProcessors (for example: not eligible for auto-proxying)
2023-01-09 13:55:31.337  INFO 13580 --- [main] trationDelegate$BeanPostProcessorChecker : Bean 'org.springframework.security.config.annotation.configuration.ObjectPostProcessorConfiguration' of type [org.springframework.security.config.annotation.configuration.ObjectPostProcessorConfiguration] is not eligible for getting processed by all BeanPostProcessors (for example: not eligible for auto-proxying)
2023-01-09 13:55:31.345  INFO 13580 --- [main] trationDelegate$BeanPostProcessorChecker : Bean 'objectPostProcessor' of type [org.springframework.security.config.annotation.configuration.AutowireBeanFactoryObjectPostProcessor] is not eligible for getting processed by all BeanPostProcessors (for example: not eligible for auto-proxying)
2023-01-09 13:55:31.350  INFO 13580 --- [main] trationDelegate$BeanPostProcessorChecker : Bean 'org.springframework.security.access.expression.method.DefaultMethodSecurityExpressionHandler@6940f685' of type [org.springframework.security.access.expression.method.DefaultMethodSecurityExpressionHandler] is not eligible for getting processed by all BeanPostProcessors (for example: not eligible for auto-proxying)
2023-01-09 13:55:31.368  INFO 13580 --- [main] trationDelegate$BeanPostProcessorChecker : Bean 'org.springframework.security.config.annotation.method.configuration.GlobalMethodSecurityConfiguration' of type [org.springframework.security.config.annotation.method.configuration.GlobalMethodSecurityConfiguration] is not eligible for getting processed by all BeanPostProcessors (for example: not eligible for auto-proxying)
2023-01-09 13:55:31.379  INFO 13580 --- [main] trationDelegate$BeanPostProcessorChecker : Bean 'methodSecurityMetadataSource' of type [org.springframework.security.access.method.DelegatingMethodSecurityMetadataSource] is not eligible for getting processed by all BeanPostProcessors (for example: not eligible for auto-proxying)
2023-01-09 13:55:31.812  INFO 13580 --- [main] o.hibernate.jpa.internal.util.LogHelper  : HHH000204: Processing PersistenceUnitInfo [name: default]
2023-01-09 13:55:31.973  INFO 13580 --- [main] org.hibernate.Version                    : HHH000412: Hibernate Core {5.4.9.Final}
2023-01-09 13:55:32.176  INFO 13580 --- [main] o.hibernate.annotations.common.Version   : HCANN000001: Hibernate Commons Annotations {5.1.0.Final}
2023-01-09 13:55:32.628  INFO 13580 --- [main] com.zaxxer.hikari.HikariDataSource       : HikariPool-1 - Starting...
2023-01-09 13:55:33.190  INFO 13580 --- [main] com.zaxxer.hikari.HikariDataSource       : HikariPool-1 - Start completed.
2023-01-09 13:55:33.213  INFO 13580 --- [main] org.hibernate.dialect.Dialect            : HHH000400: Using dialect: org.hibernate.dialect.PostgreSQLDialect
2023-01-09 13:55:34.721  INFO 13580 --- [main] o.h.e.t.j.p.i.JtaPlatformInitiator       : HHH000490: Using JtaPlatform implementation: [org.hibernate.engine.transaction.jta.platform.internal.NoJtaPlatform]
2023-01-09 13:55:34.730  INFO 13580 --- [main] j.LocalContainerEntityManagerFactoryBean : Initialized JPA EntityManagerFactory for persistence unit 'default'
2023-01-09 13:55:36.563  INFO 13580 --- [main] o.s.s.web.DefaultSecurityFilterChain     : Creating filter chain: any request, [org.springframework.security.web.context.request.async.WebAsyncManagerIntegrationFilter@6f2864c3, org.springframework.security.web.context.SecurityContextPersistenceFilter@2059f785, org.springframework.security.web.header.HeaderWriterFilter@2fca282c, org.springframework.web.filter.CorsFilter@50ef2906, org.springframework.security.web.authentication.logout.LogoutFilter@4a0c512b, com.carrier.crud.security.jwt.JwtTokenFilter@7c840fe3, org.springframework.security.web.savedrequest.RequestCacheAwareFilter@3d9c8c3c, org.springframework.security.web.servletapi.SecurityContextHolderAwareRequestFilter@577cf459, org.springframework.security.web.authentication.AnonymousAuthenticationFilter@1f70bce5, org.springframework.security.web.session.SessionManagementFilter@4ebed2b3, org.springframework.security.web.access.ExceptionTranslationFilter@4e357792, org.springframework.security.web.access.intercept.FilterSecurityInterceptor@2a20da9f]
2023-01-09 13:55:36.872  INFO 13580 --- [main] o.s.s.concurrent.ThreadPoolTaskExecutor  : Initializing ExecutorService 'applicationTaskExecutor'
2023-01-09 13:55:37.005  WARN 13580 --- [main] ion$DefaultTemplateResolverConfiguration : Cannot find template location: classpath:/templates/ (please add some templates or check your Thymeleaf configuration)
2023-01-09 13:55:37.228  INFO 13580 --- [main] com.carrier.crud.CrudApplicationTests    : Started CrudApplicationTests in 8.221 seconds (JVM running for 9.464)
2023-01-09 13:55:37.376  INFO 13580 --- [SpringContextShutdownHook] o.s.s.concurrent.ThreadPoolTaskExecutor  : Shutting down ExecutorService 'applicationTaskExecutor'
2023-01-09 13:55:37.381  INFO 13580 --- [SpringContextShutdownHook] j.LocalContainerEntityManagerFactoryBean : Closing JPA EntityManagerFactory for persistence unit 'default'
2023-01-09 13:55:37.384  INFO 13580 --- [SpringContextShutdownHook] com.zaxxer.hikari.HikariDataSource       : HikariPool-1 - Shutdown initiated...
2023-01-09 13:55:37.393  INFO 13580 --- [SpringContextShutdownHook] com.zaxxer.hikari.HikariDataSource       : HikariPool-1 - Shutdown completed.
