2023-02-22 14:32:51.854  INFO 15164 --- [main] com.carrier.crud.CrudApplicationTests    : Starting CrudApplicationTests on DESKTOP-JSSIA35 with PID 15164 (started by FranMovilnet in C:\Users\FranMovilnet\Desktop\Noel\InterconexionesIX\carriermovilnetBackend-v2)
2023-02-22 14:32:51.870  INFO 15164 --- [main] com.carrier.crud.CrudApplicationTests    : No active profile set, falling back to default profiles: default
2023-02-22 14:32:53.502  INFO 15164 --- [main] .s.d.r.c.RepositoryConfigurationDelegate : Bootstrapping Spring Data JPA repositories in DEFAULT mode.
2023-02-22 14:32:53.689  INFO 15164 --- [main] .s.d.r.c.RepositoryConfigurationDelegate : Finished Spring Data repository scanning in 167ms. Found 13 JPA repository interfaces.
2023-02-22 14:32:54.664  INFO 15164 --- [main] trationDelegate$BeanPostProcessorChecker : Bean 'org.springframework.transaction.annotation.ProxyTransactionManagementConfiguration' of type [org.springframework.transaction.annotation.ProxyTransactionManagementConfiguration] is not eligible for getting processed by all BeanPostProcessors (for example: not eligible for auto-proxying)
2023-02-22 14:32:54.734  INFO 15164 --- [main] trationDelegate$BeanPostProcessorChecker : Bean 'org.springframework.security.config.annotation.configuration.ObjectPostProcessorConfiguration' of type [org.springframework.security.config.annotation.configuration.ObjectPostProcessorConfiguration] is not eligible for getting processed by all BeanPostProcessors (for example: not eligible for auto-proxying)
2023-02-22 14:32:54.750  INFO 15164 --- [main] trationDelegate$BeanPostProcessorChecker : Bean 'objectPostProcessor' of type [org.springframework.security.config.annotation.configuration.AutowireBeanFactoryObjectPostProcessor] is not eligible for getting processed by all BeanPostProcessors (for example: not eligible for auto-proxying)
2023-02-22 14:32:54.752  INFO 15164 --- [main] trationDelegate$BeanPostProcessorChecker : Bean 'org.springframework.security.access.expression.method.DefaultMethodSecurityExpressionHandler@2a32fb6' of type [org.springframework.security.access.expression.method.DefaultMethodSecurityExpressionHandler] is not eligible for getting processed by all BeanPostProcessors (for example: not eligible for auto-proxying)
2023-02-22 14:32:54.765  INFO 15164 --- [main] trationDelegate$BeanPostProcessorChecker : Bean 'org.springframework.security.config.annotation.method.configuration.GlobalMethodSecurityConfiguration' of type [org.springframework.security.config.annotation.method.configuration.GlobalMethodSecurityConfiguration] is not eligible for getting processed by all BeanPostProcessors (for example: not eligible for auto-proxying)
2023-02-22 14:32:54.794  INFO 15164 --- [main] trationDelegate$BeanPostProcessorChecker : Bean 'methodSecurityMetadataSource' of type [org.springframework.security.access.method.DelegatingMethodSecurityMetadataSource] is not eligible for getting processed by all BeanPostProcessors (for example: not eligible for auto-proxying)
2023-02-22 14:32:55.286  INFO 15164 --- [main] o.hibernate.jpa.internal.util.LogHelper  : HHH000204: Processing PersistenceUnitInfo [name: default]
2023-02-22 14:32:55.675  INFO 15164 --- [main] org.hibernate.Version                    : HHH000412: Hibernate Core {5.4.9.Final}
2023-02-22 14:32:55.981  INFO 15164 --- [main] o.hibernate.annotations.common.Version   : HCANN000001: Hibernate Commons Annotations {5.1.0.Final}
2023-02-22 14:32:56.498  INFO 15164 --- [main] com.zaxxer.hikari.HikariDataSource       : HikariPool-1 - Starting...
2023-02-22 14:32:57.251  INFO 15164 --- [main] com.zaxxer.hikari.HikariDataSource       : HikariPool-1 - Start completed.
2023-02-22 14:32:57.296  INFO 15164 --- [main] org.hibernate.dialect.Dialect            : HHH000400: Using dialect: org.hibernate.dialect.PostgreSQLDialect
2023-02-22 14:32:59.169  INFO 15164 --- [main] o.h.e.t.j.p.i.JtaPlatformInitiator       : HHH000490: Using JtaPlatform implementation: [org.hibernate.engine.transaction.jta.platform.internal.NoJtaPlatform]
2023-02-22 14:32:59.183  INFO 15164 --- [main] j.LocalContainerEntityManagerFactoryBean : Initialized JPA EntityManagerFactory for persistence unit 'default'
2023-02-22 14:33:02.000  INFO 15164 --- [main] o.s.s.web.DefaultSecurityFilterChain     : Creating filter chain: any request, [org.springframework.security.web.context.request.async.WebAsyncManagerIntegrationFilter@105dc246, org.springframework.security.web.context.SecurityContextPersistenceFilter@4bfe83d, org.springframework.security.web.header.HeaderWriterFilter@4d0b276e, org.springframework.web.filter.CorsFilter@1b556a88, org.springframework.security.web.authentication.logout.LogoutFilter@74c04377, com.carrier.crud.security.jwt.JwtTokenFilter@647af13d, org.springframework.security.web.savedrequest.RequestCacheAwareFilter@10fc1a22, org.springframework.security.web.servletapi.SecurityContextHolderAwareRequestFilter@7eebb316, org.springframework.security.web.authentication.AnonymousAuthenticationFilter@7f8cd5fc, org.springframework.security.web.session.SessionManagementFilter@175957b6, org.springframework.security.web.access.ExceptionTranslationFilter@d5e3f55, org.springframework.security.web.access.intercept.FilterSecurityInterceptor@2cd52eda]
2023-02-22 14:33:02.499  INFO 15164 --- [main] o.s.s.concurrent.ThreadPoolTaskExecutor  : Initializing ExecutorService 'applicationTaskExecutor'
2023-02-22 14:33:02.745  WARN 15164 --- [main] ion$DefaultTemplateResolverConfiguration : Cannot find template location: classpath:/templates/ (please add some templates or check your Thymeleaf configuration)
2023-02-22 14:33:03.230  INFO 15164 --- [main] com.carrier.crud.CrudApplicationTests    : Started CrudApplicationTests in 11.993 seconds (JVM running for 14.32)
2023-02-22 14:33:03.582  INFO 15164 --- [SpringContextShutdownHook] o.s.s.concurrent.ThreadPoolTaskExecutor  : Shutting down ExecutorService 'applicationTaskExecutor'
2023-02-22 14:33:03.585  INFO 15164 --- [SpringContextShutdownHook] j.LocalContainerEntityManagerFactoryBean : Closing JPA EntityManagerFactory for persistence unit 'default'
2023-02-22 14:33:03.592  INFO 15164 --- [SpringContextShutdownHook] com.zaxxer.hikari.HikariDataSource       : HikariPool-1 - Shutdown initiated...
2023-02-22 14:33:03.603  INFO 15164 --- [SpringContextShutdownHook] com.zaxxer.hikari.HikariDataSource       : HikariPool-1 - Shutdown completed.
