2023-01-12 12:07:23.521  INFO 2576 --- [main] com.carrier.crud.CrudApplicationTests    : Starting CrudApplicationTests on DESKTOP-JSSIA35 with PID 2576 (started by FranMovilnet in C:\Users\FranMovilnet\Desktop\Noel\InterconexionesIX\carriermovilnetBackend-v2)
2023-01-12 12:07:23.525  INFO 2576 --- [main] com.carrier.crud.CrudApplicationTests    : No active profile set, falling back to default profiles: default
2023-01-12 12:07:24.731  INFO 2576 --- [main] .s.d.r.c.RepositoryConfigurationDelegate : Bootstrapping Spring Data JPA repositories in DEFAULT mode.
2023-01-12 12:07:24.891  INFO 2576 --- [main] .s.d.r.c.RepositoryConfigurationDelegate : Finished Spring Data repository scanning in 140ms. Found 12 JPA repository interfaces.
2023-01-12 12:07:25.393  INFO 2576 --- [main] trationDelegate$BeanPostProcessorChecker : Bean 'org.springframework.transaction.annotation.ProxyTransactionManagementConfiguration' of type [org.springframework.transaction.annotation.ProxyTransactionManagementConfiguration] is not eligible for getting processed by all BeanPostProcessors (for example: not eligible for auto-proxying)
2023-01-12 12:07:25.447  INFO 2576 --- [main] trationDelegate$BeanPostProcessorChecker : Bean 'org.springframework.security.config.annotation.configuration.ObjectPostProcessorConfiguration' of type [org.springframework.security.config.annotation.configuration.ObjectPostProcessorConfiguration] is not eligible for getting processed by all BeanPostProcessors (for example: not eligible for auto-proxying)
2023-01-12 12:07:25.454  INFO 2576 --- [main] trationDelegate$BeanPostProcessorChecker : Bean 'objectPostProcessor' of type [org.springframework.security.config.annotation.configuration.AutowireBeanFactoryObjectPostProcessor] is not eligible for getting processed by all BeanPostProcessors (for example: not eligible for auto-proxying)
2023-01-12 12:07:25.456  INFO 2576 --- [main] trationDelegate$BeanPostProcessorChecker : Bean 'org.springframework.security.access.expression.method.DefaultMethodSecurityExpressionHandler@95bb2a2' of type [org.springframework.security.access.expression.method.DefaultMethodSecurityExpressionHandler] is not eligible for getting processed by all BeanPostProcessors (for example: not eligible for auto-proxying)
2023-01-12 12:07:25.466  INFO 2576 --- [main] trationDelegate$BeanPostProcessorChecker : Bean 'org.springframework.security.config.annotation.method.configuration.GlobalMethodSecurityConfiguration' of type [org.springframework.security.config.annotation.method.configuration.GlobalMethodSecurityConfiguration] is not eligible for getting processed by all BeanPostProcessors (for example: not eligible for auto-proxying)
2023-01-12 12:07:25.472  INFO 2576 --- [main] trationDelegate$BeanPostProcessorChecker : Bean 'methodSecurityMetadataSource' of type [org.springframework.security.access.method.DelegatingMethodSecurityMetadataSource] is not eligible for getting processed by all BeanPostProcessors (for example: not eligible for auto-proxying)
2023-01-12 12:07:25.815  INFO 2576 --- [main] o.hibernate.jpa.internal.util.LogHelper  : HHH000204: Processing PersistenceUnitInfo [name: default]
2023-01-12 12:07:25.989  INFO 2576 --- [main] org.hibernate.Version                    : HHH000412: Hibernate Core {5.4.9.Final}
2023-01-12 12:07:26.241  INFO 2576 --- [main] o.hibernate.annotations.common.Version   : HCANN000001: Hibernate Commons Annotations {5.1.0.Final}
2023-01-12 12:07:26.603  INFO 2576 --- [main] com.zaxxer.hikari.HikariDataSource       : HikariPool-1 - Starting...
2023-01-12 12:07:27.109  INFO 2576 --- [main] com.zaxxer.hikari.HikariDataSource       : HikariPool-1 - Start completed.
2023-01-12 12:07:27.136  INFO 2576 --- [main] org.hibernate.dialect.Dialect            : HHH000400: Using dialect: org.hibernate.dialect.PostgreSQLDialect
2023-01-12 12:07:28.703  INFO 2576 --- [main] o.h.e.t.j.p.i.JtaPlatformInitiator       : HHH000490: Using JtaPlatform implementation: [org.hibernate.engine.transaction.jta.platform.internal.NoJtaPlatform]
2023-01-12 12:07:28.719  INFO 2576 --- [main] j.LocalContainerEntityManagerFactoryBean : Initialized JPA EntityManagerFactory for persistence unit 'default'
2023-01-12 12:07:30.482  INFO 2576 --- [main] o.s.s.web.DefaultSecurityFilterChain     : Creating filter chain: any request, [org.springframework.security.web.context.request.async.WebAsyncManagerIntegrationFilter@57867d96, org.springframework.security.web.context.SecurityContextPersistenceFilter@72b10258, org.springframework.security.web.header.HeaderWriterFilter@18ca9277, org.springframework.web.filter.CorsFilter@1a7a21d0, org.springframework.security.web.authentication.logout.LogoutFilter@579dde54, com.carrier.crud.security.jwt.JwtTokenFilter@5d15789f, org.springframework.security.web.savedrequest.RequestCacheAwareFilter@35af1558, org.springframework.security.web.servletapi.SecurityContextHolderAwareRequestFilter@771d4db, org.springframework.security.web.authentication.AnonymousAuthenticationFilter@bb21063, org.springframework.security.web.session.SessionManagementFilter@24842b8e, org.springframework.security.web.access.ExceptionTranslationFilter@11069eac, org.springframework.security.web.access.intercept.FilterSecurityInterceptor@1f70bce5]
2023-01-12 12:07:30.781  INFO 2576 --- [main] o.s.s.concurrent.ThreadPoolTaskExecutor  : Initializing ExecutorService 'applicationTaskExecutor'
2023-01-12 12:07:30.934  WARN 2576 --- [main] ion$DefaultTemplateResolverConfiguration : Cannot find template location: classpath:/templates/ (please add some templates or check your Thymeleaf configuration)
2023-01-12 12:07:31.147  INFO 2576 --- [main] com.carrier.crud.CrudApplicationTests    : Started CrudApplicationTests in 8.095 seconds (JVM running for 10.133)
2023-01-12 12:07:31.366  INFO 2576 --- [SpringContextShutdownHook] o.s.s.concurrent.ThreadPoolTaskExecutor  : Shutting down ExecutorService 'applicationTaskExecutor'
2023-01-12 12:07:31.370  INFO 2576 --- [SpringContextShutdownHook] j.LocalContainerEntityManagerFactoryBean : Closing JPA EntityManagerFactory for persistence unit 'default'
2023-01-12 12:07:31.372  INFO 2576 --- [SpringContextShutdownHook] com.zaxxer.hikari.HikariDataSource       : HikariPool-1 - Shutdown initiated...
2023-01-12 12:07:31.382  INFO 2576 --- [SpringContextShutdownHook] com.zaxxer.hikari.HikariDataSource       : HikariPool-1 - Shutdown completed.
