2023-01-16 11:33:10.055  INFO 11468 --- [main] com.carrier.crud.CrudApplicationTests    : Starting CrudApplicationTests on DESKTOP-JSSIA35 with PID 11468 (started by FranMovilnet in C:\Users\FranMovilnet\Desktop\Noel\InterconexionesIX\carriermovilnetBackend-v2)
2023-01-16 11:33:10.057  INFO 11468 --- [main] com.carrier.crud.CrudApplicationTests    : No active profile set, falling back to default profiles: default
2023-01-16 11:33:11.006  INFO 11468 --- [main] .s.d.r.c.RepositoryConfigurationDelegate : Bootstrapping Spring Data JPA repositories in DEFAULT mode.
2023-01-16 11:33:11.184  INFO 11468 --- [main] .s.d.r.c.RepositoryConfigurationDelegate : Finished Spring Data repository scanning in 165ms. Found 12 JPA repository interfaces.
2023-01-16 11:33:11.814  INFO 11468 --- [main] trationDelegate$BeanPostProcessorChecker : Bean 'org.springframework.transaction.annotation.ProxyTransactionManagementConfiguration' of type [org.springframework.transaction.annotation.ProxyTransactionManagementConfiguration] is not eligible for getting processed by all BeanPostProcessors (for example: not eligible for auto-proxying)
2023-01-16 11:33:11.871  INFO 11468 --- [main] trationDelegate$BeanPostProcessorChecker : Bean 'org.springframework.security.config.annotation.configuration.ObjectPostProcessorConfiguration' of type [org.springframework.security.config.annotation.configuration.ObjectPostProcessorConfiguration] is not eligible for getting processed by all BeanPostProcessors (for example: not eligible for auto-proxying)
2023-01-16 11:33:11.878  INFO 11468 --- [main] trationDelegate$BeanPostProcessorChecker : Bean 'objectPostProcessor' of type [org.springframework.security.config.annotation.configuration.AutowireBeanFactoryObjectPostProcessor] is not eligible for getting processed by all BeanPostProcessors (for example: not eligible for auto-proxying)
2023-01-16 11:33:11.880  INFO 11468 --- [main] trationDelegate$BeanPostProcessorChecker : Bean 'org.springframework.security.access.expression.method.DefaultMethodSecurityExpressionHandler@1816e24a' of type [org.springframework.security.access.expression.method.DefaultMethodSecurityExpressionHandler] is not eligible for getting processed by all BeanPostProcessors (for example: not eligible for auto-proxying)
2023-01-16 11:33:11.889  INFO 11468 --- [main] trationDelegate$BeanPostProcessorChecker : Bean 'org.springframework.security.config.annotation.method.configuration.GlobalMethodSecurityConfiguration' of type [org.springframework.security.config.annotation.method.configuration.GlobalMethodSecurityConfiguration] is not eligible for getting processed by all BeanPostProcessors (for example: not eligible for auto-proxying)
2023-01-16 11:33:11.898  INFO 11468 --- [main] trationDelegate$BeanPostProcessorChecker : Bean 'methodSecurityMetadataSource' of type [org.springframework.security.access.method.DelegatingMethodSecurityMetadataSource] is not eligible for getting processed by all BeanPostProcessors (for example: not eligible for auto-proxying)
2023-01-16 11:33:12.173  INFO 11468 --- [main] o.hibernate.jpa.internal.util.LogHelper  : HHH000204: Processing PersistenceUnitInfo [name: default]
2023-01-16 11:33:12.324  INFO 11468 --- [main] org.hibernate.Version                    : HHH000412: Hibernate Core {5.4.9.Final}
2023-01-16 11:33:12.478  INFO 11468 --- [main] o.hibernate.annotations.common.Version   : HCANN000001: Hibernate Commons Annotations {5.1.0.Final}
2023-01-16 11:33:12.859  INFO 11468 --- [main] com.zaxxer.hikari.HikariDataSource       : HikariPool-1 - Starting...
2023-01-16 11:33:13.361  INFO 11468 --- [main] com.zaxxer.hikari.HikariDataSource       : HikariPool-1 - Start completed.
2023-01-16 11:33:13.386  INFO 11468 --- [main] org.hibernate.dialect.Dialect            : HHH000400: Using dialect: org.hibernate.dialect.PostgreSQLDialect
2023-01-16 11:33:14.886  INFO 11468 --- [main] o.h.e.t.j.p.i.JtaPlatformInitiator       : HHH000490: Using JtaPlatform implementation: [org.hibernate.engine.transaction.jta.platform.internal.NoJtaPlatform]
2023-01-16 11:33:14.894  INFO 11468 --- [main] j.LocalContainerEntityManagerFactoryBean : Initialized JPA EntityManagerFactory for persistence unit 'default'
2023-01-16 11:33:16.702  INFO 11468 --- [main] o.s.s.web.DefaultSecurityFilterChain     : Creating filter chain: any request, [org.springframework.security.web.context.request.async.WebAsyncManagerIntegrationFilter@51172948, org.springframework.security.web.context.SecurityContextPersistenceFilter@1edac3b4, org.springframework.security.web.header.HeaderWriterFilter@1800c1e3, org.springframework.web.filter.CorsFilter@6f2a3b37, org.springframework.security.web.authentication.logout.LogoutFilter@3636f2a7, com.carrier.crud.security.jwt.JwtTokenFilter@4aa517c3, org.springframework.security.web.savedrequest.RequestCacheAwareFilter@4ebed2b3, org.springframework.security.web.servletapi.SecurityContextHolderAwareRequestFilter@18ca9277, org.springframework.security.web.authentication.AnonymousAuthenticationFilter@323b0632, org.springframework.security.web.session.SessionManagementFilter@5ac646b3, org.springframework.security.web.access.ExceptionTranslationFilter@437c1a87, org.springframework.security.web.access.intercept.FilterSecurityInterceptor@3df6494f]
2023-01-16 11:33:16.960  INFO 11468 --- [main] o.s.s.concurrent.ThreadPoolTaskExecutor  : Initializing ExecutorService 'applicationTaskExecutor'
2023-01-16 11:33:17.099  WARN 11468 --- [main] ion$DefaultTemplateResolverConfiguration : Cannot find template location: classpath:/templates/ (please add some templates or check your Thymeleaf configuration)
2023-01-16 11:33:17.350  INFO 11468 --- [main] com.carrier.crud.CrudApplicationTests    : Started CrudApplicationTests in 7.68 seconds (JVM running for 8.876)
2023-01-16 11:33:17.539  INFO 11468 --- [SpringContextShutdownHook] o.s.s.concurrent.ThreadPoolTaskExecutor  : Shutting down ExecutorService 'applicationTaskExecutor'
2023-01-16 11:33:17.544  INFO 11468 --- [SpringContextShutdownHook] j.LocalContainerEntityManagerFactoryBean : Closing JPA EntityManagerFactory for persistence unit 'default'
2023-01-16 11:33:17.549  INFO 11468 --- [SpringContextShutdownHook] com.zaxxer.hikari.HikariDataSource       : HikariPool-1 - Shutdown initiated...
2023-01-16 11:33:17.567  INFO 11468 --- [SpringContextShutdownHook] com.zaxxer.hikari.HikariDataSource       : HikariPool-1 - Shutdown completed.
2023-01-16 12:20:05.454  INFO 15976 --- [main] com.carrier.crud.CrudApplicationTests    : Starting CrudApplicationTests on DESKTOP-JSSIA35 with PID 15976 (started by FranMovilnet in C:\Users\FranMovilnet\Desktop\Noel\InterconexionesIX\carriermovilnetBackend-v2)
2023-01-16 12:20:05.455  INFO 15976 --- [main] com.carrier.crud.CrudApplicationTests    : No active profile set, falling back to default profiles: default
2023-01-16 12:20:07.016  INFO 15976 --- [main] .s.d.r.c.RepositoryConfigurationDelegate : Bootstrapping Spring Data JPA repositories in DEFAULT mode.
2023-01-16 12:20:07.167  INFO 15976 --- [main] .s.d.r.c.RepositoryConfigurationDelegate : Finished Spring Data repository scanning in 137ms. Found 12 JPA repository interfaces.
2023-01-16 12:20:07.749  INFO 15976 --- [main] trationDelegate$BeanPostProcessorChecker : Bean 'org.springframework.transaction.annotation.ProxyTransactionManagementConfiguration' of type [org.springframework.transaction.annotation.ProxyTransactionManagementConfiguration] is not eligible for getting processed by all BeanPostProcessors (for example: not eligible for auto-proxying)
2023-01-16 12:20:07.792  INFO 15976 --- [main] trationDelegate$BeanPostProcessorChecker : Bean 'org.springframework.security.config.annotation.configuration.ObjectPostProcessorConfiguration' of type [org.springframework.security.config.annotation.configuration.ObjectPostProcessorConfiguration] is not eligible for getting processed by all BeanPostProcessors (for example: not eligible for auto-proxying)
2023-01-16 12:20:07.798  INFO 15976 --- [main] trationDelegate$BeanPostProcessorChecker : Bean 'objectPostProcessor' of type [org.springframework.security.config.annotation.configuration.AutowireBeanFactoryObjectPostProcessor] is not eligible for getting processed by all BeanPostProcessors (for example: not eligible for auto-proxying)
2023-01-16 12:20:07.801  INFO 15976 --- [main] trationDelegate$BeanPostProcessorChecker : Bean 'org.springframework.security.access.expression.method.DefaultMethodSecurityExpressionHandler@7ee3d262' of type [org.springframework.security.access.expression.method.DefaultMethodSecurityExpressionHandler] is not eligible for getting processed by all BeanPostProcessors (for example: not eligible for auto-proxying)
2023-01-16 12:20:07.814  INFO 15976 --- [main] trationDelegate$BeanPostProcessorChecker : Bean 'org.springframework.security.config.annotation.method.configuration.GlobalMethodSecurityConfiguration' of type [org.springframework.security.config.annotation.method.configuration.GlobalMethodSecurityConfiguration] is not eligible for getting processed by all BeanPostProcessors (for example: not eligible for auto-proxying)
2023-01-16 12:20:07.827  INFO 15976 --- [main] trationDelegate$BeanPostProcessorChecker : Bean 'methodSecurityMetadataSource' of type [org.springframework.security.access.method.DelegatingMethodSecurityMetadataSource] is not eligible for getting processed by all BeanPostProcessors (for example: not eligible for auto-proxying)
2023-01-16 12:20:08.216  INFO 15976 --- [main] o.hibernate.jpa.internal.util.LogHelper  : HHH000204: Processing PersistenceUnitInfo [name: default]
2023-01-16 12:20:08.433  INFO 15976 --- [main] org.hibernate.Version                    : HHH000412: Hibernate Core {5.4.9.Final}
2023-01-16 12:20:08.649  INFO 15976 --- [main] o.hibernate.annotations.common.Version   : HCANN000001: Hibernate Commons Annotations {5.1.0.Final}
2023-01-16 12:20:09.153  INFO 15976 --- [main] com.zaxxer.hikari.HikariDataSource       : HikariPool-1 - Starting...
2023-01-16 12:20:09.898  INFO 15976 --- [main] com.zaxxer.hikari.HikariDataSource       : HikariPool-1 - Start completed.
2023-01-16 12:20:09.930  INFO 15976 --- [main] org.hibernate.dialect.Dialect            : HHH000400: Using dialect: org.hibernate.dialect.PostgreSQLDialect
2023-01-16 12:20:11.764  INFO 15976 --- [main] o.h.e.t.j.p.i.JtaPlatformInitiator       : HHH000490: Using JtaPlatform implementation: [org.hibernate.engine.transaction.jta.platform.internal.NoJtaPlatform]
2023-01-16 12:20:11.772  INFO 15976 --- [main] j.LocalContainerEntityManagerFactoryBean : Initialized JPA EntityManagerFactory for persistence unit 'default'
2023-01-16 12:20:13.863  INFO 15976 --- [main] o.s.s.web.DefaultSecurityFilterChain     : Creating filter chain: any request, [org.springframework.security.web.context.request.async.WebAsyncManagerIntegrationFilter@582ea164, org.springframework.security.web.context.SecurityContextPersistenceFilter@771d4db, org.springframework.security.web.header.HeaderWriterFilter@432eb882, org.springframework.web.filter.CorsFilter@2fccf49e, org.springframework.security.web.authentication.logout.LogoutFilter@205f52ea, com.carrier.crud.security.jwt.JwtTokenFilter@656c5818, org.springframework.security.web.savedrequest.RequestCacheAwareFilter@3636f2a7, org.springframework.security.web.servletapi.SecurityContextHolderAwareRequestFilter@57f725b8, org.springframework.security.web.authentication.AnonymousAuthenticationFilter@7abcc0da, org.springframework.security.web.session.SessionManagementFilter@2361365c, org.springframework.security.web.access.ExceptionTranslationFilter@42cd0fc6, org.springframework.security.web.access.intercept.FilterSecurityInterceptor@5d94ac8a]
2023-01-16 12:20:14.171  INFO 15976 --- [main] o.s.s.concurrent.ThreadPoolTaskExecutor  : Initializing ExecutorService 'applicationTaskExecutor'
2023-01-16 12:20:14.314  WARN 15976 --- [main] ion$DefaultTemplateResolverConfiguration : Cannot find template location: classpath:/templates/ (please add some templates or check your Thymeleaf configuration)
2023-01-16 12:20:14.552  INFO 15976 --- [main] com.carrier.crud.CrudApplicationTests    : Started CrudApplicationTests in 9.472 seconds (JVM running for 10.814)
2023-01-16 12:20:14.741  INFO 15976 --- [SpringContextShutdownHook] o.s.s.concurrent.ThreadPoolTaskExecutor  : Shutting down ExecutorService 'applicationTaskExecutor'
2023-01-16 12:20:14.745  INFO 15976 --- [SpringContextShutdownHook] j.LocalContainerEntityManagerFactoryBean : Closing JPA EntityManagerFactory for persistence unit 'default'
2023-01-16 12:20:14.748  INFO 15976 --- [SpringContextShutdownHook] com.zaxxer.hikari.HikariDataSource       : HikariPool-1 - Shutdown initiated...
2023-01-16 12:20:14.758  INFO 15976 --- [SpringContextShutdownHook] com.zaxxer.hikari.HikariDataSource       : HikariPool-1 - Shutdown completed.
2023-01-16 13:41:06.640  INFO 3168 --- [main] com.carrier.crud.CrudApplicationTests    : Starting CrudApplicationTests on DESKTOP-JSSIA35 with PID 3168 (started by FranMovilnet in C:\Users\FranMovilnet\Desktop\Noel\InterconexionesIX\carriermovilnetBackend-v2)
2023-01-16 13:41:06.642  INFO 3168 --- [main] com.carrier.crud.CrudApplicationTests    : No active profile set, falling back to default profiles: default
2023-01-16 13:41:07.674  INFO 3168 --- [main] .s.d.r.c.RepositoryConfigurationDelegate : Bootstrapping Spring Data JPA repositories in DEFAULT mode.
2023-01-16 13:41:07.815  INFO 3168 --- [main] .s.d.r.c.RepositoryConfigurationDelegate : Finished Spring Data repository scanning in 130ms. Found 12 JPA repository interfaces.
2023-01-16 13:41:08.357  INFO 3168 --- [main] trationDelegate$BeanPostProcessorChecker : Bean 'org.springframework.transaction.annotation.ProxyTransactionManagementConfiguration' of type [org.springframework.transaction.annotation.ProxyTransactionManagementConfiguration] is not eligible for getting processed by all BeanPostProcessors (for example: not eligible for auto-proxying)
2023-01-16 13:41:08.398  INFO 3168 --- [main] trationDelegate$BeanPostProcessorChecker : Bean 'org.springframework.security.config.annotation.configuration.ObjectPostProcessorConfiguration' of type [org.springframework.security.config.annotation.configuration.ObjectPostProcessorConfiguration] is not eligible for getting processed by all BeanPostProcessors (for example: not eligible for auto-proxying)
2023-01-16 13:41:08.405  INFO 3168 --- [main] trationDelegate$BeanPostProcessorChecker : Bean 'objectPostProcessor' of type [org.springframework.security.config.annotation.configuration.AutowireBeanFactoryObjectPostProcessor] is not eligible for getting processed by all BeanPostProcessors (for example: not eligible for auto-proxying)
2023-01-16 13:41:08.407  INFO 3168 --- [main] trationDelegate$BeanPostProcessorChecker : Bean 'org.springframework.security.access.expression.method.DefaultMethodSecurityExpressionHandler@45f421c' of type [org.springframework.security.access.expression.method.DefaultMethodSecurityExpressionHandler] is not eligible for getting processed by all BeanPostProcessors (for example: not eligible for auto-proxying)
2023-01-16 13:41:08.414  INFO 3168 --- [main] trationDelegate$BeanPostProcessorChecker : Bean 'org.springframework.security.config.annotation.method.configuration.GlobalMethodSecurityConfiguration' of type [org.springframework.security.config.annotation.method.configuration.GlobalMethodSecurityConfiguration] is not eligible for getting processed by all BeanPostProcessors (for example: not eligible for auto-proxying)
2023-01-16 13:41:08.423  INFO 3168 --- [main] trationDelegate$BeanPostProcessorChecker : Bean 'methodSecurityMetadataSource' of type [org.springframework.security.access.method.DelegatingMethodSecurityMetadataSource] is not eligible for getting processed by all BeanPostProcessors (for example: not eligible for auto-proxying)
2023-01-16 13:41:08.672  INFO 3168 --- [main] o.hibernate.jpa.internal.util.LogHelper  : HHH000204: Processing PersistenceUnitInfo [name: default]
2023-01-16 13:41:08.826  INFO 3168 --- [main] org.hibernate.Version                    : HHH000412: Hibernate Core {5.4.9.Final}
2023-01-16 13:41:08.986  INFO 3168 --- [main] o.hibernate.annotations.common.Version   : HCANN000001: Hibernate Commons Annotations {5.1.0.Final}
2023-01-16 13:41:09.364  INFO 3168 --- [main] com.zaxxer.hikari.HikariDataSource       : HikariPool-1 - Starting...
2023-01-16 13:41:09.929  INFO 3168 --- [main] com.zaxxer.hikari.HikariDataSource       : HikariPool-1 - Start completed.
2023-01-16 13:41:09.953  INFO 3168 --- [main] org.hibernate.dialect.Dialect            : HHH000400: Using dialect: org.hibernate.dialect.PostgreSQLDialect
2023-01-16 13:41:11.503  INFO 3168 --- [main] o.h.e.t.j.p.i.JtaPlatformInitiator       : HHH000490: Using JtaPlatform implementation: [org.hibernate.engine.transaction.jta.platform.internal.NoJtaPlatform]
2023-01-16 13:41:11.512  INFO 3168 --- [main] j.LocalContainerEntityManagerFactoryBean : Initialized JPA EntityManagerFactory for persistence unit 'default'
2023-01-16 13:41:13.338  INFO 3168 --- [main] o.s.s.web.DefaultSecurityFilterChain     : Creating filter chain: any request, [org.springframework.security.web.context.request.async.WebAsyncManagerIntegrationFilter@7cd8831c, org.springframework.security.web.context.SecurityContextPersistenceFilter@577cf459, org.springframework.security.web.header.HeaderWriterFilter@1edac3b4, org.springframework.web.filter.CorsFilter@146db8a6, org.springframework.security.web.authentication.logout.LogoutFilter@2066e897, com.carrier.crud.security.jwt.JwtTokenFilter@6ad3fbe4, org.springframework.security.web.savedrequest.RequestCacheAwareFilter@69372c1e, org.springframework.security.web.servletapi.SecurityContextHolderAwareRequestFilter@72b10258, org.springframework.security.web.authentication.AnonymousAuthenticationFilter@2a20da9f, org.springframework.security.web.session.SessionManagementFilter@2dc73024, org.springframework.security.web.access.ExceptionTranslationFilter@5ac646b3, org.springframework.security.web.access.intercept.FilterSecurityInterceptor@39ac8c0c]
2023-01-16 13:41:13.673  INFO 3168 --- [main] o.s.s.concurrent.ThreadPoolTaskExecutor  : Initializing ExecutorService 'applicationTaskExecutor'
2023-01-16 13:41:13.804  WARN 3168 --- [main] ion$DefaultTemplateResolverConfiguration : Cannot find template location: classpath:/templates/ (please add some templates or check your Thymeleaf configuration)
2023-01-16 13:41:14.023  INFO 3168 --- [main] com.carrier.crud.CrudApplicationTests    : Started CrudApplicationTests in 7.719 seconds (JVM running for 8.841)
2023-01-16 13:41:14.160  INFO 3168 --- [SpringContextShutdownHook] o.s.s.concurrent.ThreadPoolTaskExecutor  : Shutting down ExecutorService 'applicationTaskExecutor'
2023-01-16 13:41:14.166  INFO 3168 --- [SpringContextShutdownHook] j.LocalContainerEntityManagerFactoryBean : Closing JPA EntityManagerFactory for persistence unit 'default'
2023-01-16 13:41:14.169  INFO 3168 --- [SpringContextShutdownHook] com.zaxxer.hikari.HikariDataSource       : HikariPool-1 - Shutdown initiated...
2023-01-16 13:41:14.178  INFO 3168 --- [SpringContextShutdownHook] com.zaxxer.hikari.HikariDataSource       : HikariPool-1 - Shutdown completed.
