2022-11-14 10:08:06.636  INFO 15068 --- [main] com.carrier.crud.CrudApplicationTests    : Starting CrudApplicationTests on DESKTOP-JSSIA35 with PID 15068 (started by FranMovilnet in C:\Users\FranMovilnet\Desktop\Noel\InterconexionesIX\carriermovilnetBackend-v2)
2022-11-14 10:08:06.639  INFO 15068 --- [main] com.carrier.crud.CrudApplicationTests    : No active profile set, falling back to default profiles: default
2022-11-14 10:08:08.362  INFO 15068 --- [main] .s.d.r.c.RepositoryConfigurationDelegate : Bootstrapping Spring Data JPA repositories in DEFAULT mode.
2022-11-14 10:08:08.657  INFO 15068 --- [main] .s.d.r.c.RepositoryConfigurationDelegate : Finished Spring Data repository scanning in 284ms. Found 12 JPA repository interfaces.
2022-11-14 10:08:09.457  INFO 15068 --- [main] trationDelegate$BeanPostProcessorChecker : Bean 'org.springframework.transaction.annotation.ProxyTransactionManagementConfiguration' of type [org.springframework.transaction.annotation.ProxyTransactionManagementConfiguration] is not eligible for getting processed by all BeanPostProcessors (for example: not eligible for auto-proxying)
2022-11-14 10:08:09.557  INFO 15068 --- [main] trationDelegate$BeanPostProcessorChecker : Bean 'org.springframework.security.config.annotation.configuration.ObjectPostProcessorConfiguration' of type [org.springframework.security.config.annotation.configuration.ObjectPostProcessorConfiguration] is not eligible for getting processed by all BeanPostProcessors (for example: not eligible for auto-proxying)
2022-11-14 10:08:09.569  INFO 15068 --- [main] trationDelegate$BeanPostProcessorChecker : Bean 'objectPostProcessor' of type [org.springframework.security.config.annotation.configuration.AutowireBeanFactoryObjectPostProcessor] is not eligible for getting processed by all BeanPostProcessors (for example: not eligible for auto-proxying)
2022-11-14 10:08:09.572  INFO 15068 --- [main] trationDelegate$BeanPostProcessorChecker : Bean 'org.springframework.security.access.expression.method.DefaultMethodSecurityExpressionHandler@173f73e7' of type [org.springframework.security.access.expression.method.DefaultMethodSecurityExpressionHandler] is not eligible for getting processed by all BeanPostProcessors (for example: not eligible for auto-proxying)
2022-11-14 10:08:09.649  INFO 15068 --- [main] trationDelegate$BeanPostProcessorChecker : Bean 'org.springframework.security.config.annotation.method.configuration.GlobalMethodSecurityConfiguration' of type [org.springframework.security.config.annotation.method.configuration.GlobalMethodSecurityConfiguration] is not eligible for getting processed by all BeanPostProcessors (for example: not eligible for auto-proxying)
2022-11-14 10:08:09.658  INFO 15068 --- [main] trationDelegate$BeanPostProcessorChecker : Bean 'methodSecurityMetadataSource' of type [org.springframework.security.access.method.DelegatingMethodSecurityMetadataSource] is not eligible for getting processed by all BeanPostProcessors (for example: not eligible for auto-proxying)
2022-11-14 10:08:10.244  INFO 15068 --- [main] o.hibernate.jpa.internal.util.LogHelper  : HHH000204: Processing PersistenceUnitInfo [name: default]
2022-11-14 10:08:10.423  INFO 15068 --- [main] org.hibernate.Version                    : HHH000412: Hibernate Core {5.4.9.Final}
2022-11-14 10:08:10.717  INFO 15068 --- [main] o.hibernate.annotations.common.Version   : HCANN000001: Hibernate Commons Annotations {5.1.0.Final}
2022-11-14 10:08:11.391  INFO 15068 --- [main] com.zaxxer.hikari.HikariDataSource       : HikariPool-1 - Starting...
2022-11-14 10:08:12.333  INFO 15068 --- [main] com.zaxxer.hikari.HikariDataSource       : HikariPool-1 - Start completed.
2022-11-14 10:08:12.359  INFO 15068 --- [main] org.hibernate.dialect.Dialect            : HHH000400: Using dialect: org.hibernate.dialect.PostgreSQLDialect
2022-11-14 10:08:14.473  INFO 15068 --- [main] o.h.e.t.j.p.i.JtaPlatformInitiator       : HHH000490: Using JtaPlatform implementation: [org.hibernate.engine.transaction.jta.platform.internal.NoJtaPlatform]
2022-11-14 10:08:14.520  INFO 15068 --- [main] j.LocalContainerEntityManagerFactoryBean : Initialized JPA EntityManagerFactory for persistence unit 'default'
2022-11-14 10:08:18.447  INFO 15068 --- [main] o.s.s.web.DefaultSecurityFilterChain     : Creating filter chain: any request, [org.springframework.security.web.context.request.async.WebAsyncManagerIntegrationFilter@62c46e53, org.springframework.security.web.context.SecurityContextPersistenceFilter@34652065, org.springframework.security.web.header.HeaderWriterFilter@146add7b, org.springframework.web.filter.CorsFilter@55317c63, org.springframework.security.web.authentication.logout.LogoutFilter@7e2a76be, com.carrier.crud.security.jwt.JwtTokenFilter@4cf5d999, org.springframework.security.web.savedrequest.RequestCacheAwareFilter@56d5460f, org.springframework.security.web.servletapi.SecurityContextHolderAwareRequestFilter@54a5496f, org.springframework.security.web.authentication.AnonymousAuthenticationFilter@35d81657, org.springframework.security.web.session.SessionManagementFilter@771d4db, org.springframework.security.web.access.ExceptionTranslationFilter@432eb882, org.springframework.security.web.access.intercept.FilterSecurityInterceptor@58ac0823]
2022-11-14 10:08:18.964  INFO 15068 --- [main] o.s.s.concurrent.ThreadPoolTaskExecutor  : Initializing ExecutorService 'applicationTaskExecutor'
2022-11-14 10:08:19.364  WARN 15068 --- [main] ion$DefaultTemplateResolverConfiguration : Cannot find template location: classpath:/templates/ (please add some templates or check your Thymeleaf configuration)
2022-11-14 10:08:19.682  INFO 15068 --- [main] com.carrier.crud.CrudApplicationTests    : Started CrudApplicationTests in 13.63 seconds (JVM running for 15.274)
2022-11-14 10:08:20.256  INFO 15068 --- [SpringContextShutdownHook] o.s.s.concurrent.ThreadPoolTaskExecutor  : Shutting down ExecutorService 'applicationTaskExecutor'
2022-11-14 10:08:20.259  INFO 15068 --- [SpringContextShutdownHook] j.LocalContainerEntityManagerFactoryBean : Closing JPA EntityManagerFactory for persistence unit 'default'
2022-11-14 10:08:20.262  INFO 15068 --- [SpringContextShutdownHook] com.zaxxer.hikari.HikariDataSource       : HikariPool-1 - Shutdown initiated...
2022-11-14 10:08:20.312  INFO 15068 --- [SpringContextShutdownHook] com.zaxxer.hikari.HikariDataSource       : HikariPool-1 - Shutdown completed.
2022-11-14 10:09:34.617  INFO 14564 --- [main] com.carrier.crud.CrudApplicationTests    : Starting CrudApplicationTests on DESKTOP-JSSIA35 with PID 14564 (started by FranMovilnet in C:\Users\FranMovilnet\Desktop\Noel\InterconexionesIX\carriermovilnetBackend-v2)
2022-11-14 10:09:34.618  INFO 14564 --- [main] com.carrier.crud.CrudApplicationTests    : No active profile set, falling back to default profiles: default
2022-11-14 10:09:36.064  INFO 14564 --- [main] .s.d.r.c.RepositoryConfigurationDelegate : Bootstrapping Spring Data JPA repositories in DEFAULT mode.
2022-11-14 10:09:36.430  INFO 14564 --- [main] .s.d.r.c.RepositoryConfigurationDelegate : Finished Spring Data repository scanning in 355ms. Found 12 JPA repository interfaces.
2022-11-14 10:09:37.185  INFO 14564 --- [main] trationDelegate$BeanPostProcessorChecker : Bean 'org.springframework.transaction.annotation.ProxyTransactionManagementConfiguration' of type [org.springframework.transaction.annotation.ProxyTransactionManagementConfiguration] is not eligible for getting processed by all BeanPostProcessors (for example: not eligible for auto-proxying)
2022-11-14 10:09:37.262  INFO 14564 --- [main] trationDelegate$BeanPostProcessorChecker : Bean 'org.springframework.security.config.annotation.configuration.ObjectPostProcessorConfiguration' of type [org.springframework.security.config.annotation.configuration.ObjectPostProcessorConfiguration] is not eligible for getting processed by all BeanPostProcessors (for example: not eligible for auto-proxying)
2022-11-14 10:09:37.271  INFO 14564 --- [main] trationDelegate$BeanPostProcessorChecker : Bean 'objectPostProcessor' of type [org.springframework.security.config.annotation.configuration.AutowireBeanFactoryObjectPostProcessor] is not eligible for getting processed by all BeanPostProcessors (for example: not eligible for auto-proxying)
2022-11-14 10:09:37.275  INFO 14564 --- [main] trationDelegate$BeanPostProcessorChecker : Bean 'org.springframework.security.access.expression.method.DefaultMethodSecurityExpressionHandler@783115d9' of type [org.springframework.security.access.expression.method.DefaultMethodSecurityExpressionHandler] is not eligible for getting processed by all BeanPostProcessors (for example: not eligible for auto-proxying)
2022-11-14 10:09:37.292  INFO 14564 --- [main] trationDelegate$BeanPostProcessorChecker : Bean 'org.springframework.security.config.annotation.method.configuration.GlobalMethodSecurityConfiguration' of type [org.springframework.security.config.annotation.method.configuration.GlobalMethodSecurityConfiguration] is not eligible for getting processed by all BeanPostProcessors (for example: not eligible for auto-proxying)
2022-11-14 10:09:37.303  INFO 14564 --- [main] trationDelegate$BeanPostProcessorChecker : Bean 'methodSecurityMetadataSource' of type [org.springframework.security.access.method.DelegatingMethodSecurityMetadataSource] is not eligible for getting processed by all BeanPostProcessors (for example: not eligible for auto-proxying)
2022-11-14 10:09:37.965  INFO 14564 --- [main] o.hibernate.jpa.internal.util.LogHelper  : HHH000204: Processing PersistenceUnitInfo [name: default]
2022-11-14 10:09:38.214  INFO 14564 --- [main] org.hibernate.Version                    : HHH000412: Hibernate Core {5.4.9.Final}
2022-11-14 10:09:38.522  INFO 14564 --- [main] o.hibernate.annotations.common.Version   : HCANN000001: Hibernate Commons Annotations {5.1.0.Final}
2022-11-14 10:09:39.181  INFO 14564 --- [main] com.zaxxer.hikari.HikariDataSource       : HikariPool-1 - Starting...
2022-11-14 10:09:40.163  INFO 14564 --- [main] com.zaxxer.hikari.HikariDataSource       : HikariPool-1 - Start completed.
2022-11-14 10:09:40.187  INFO 14564 --- [main] org.hibernate.dialect.Dialect            : HHH000400: Using dialect: org.hibernate.dialect.PostgreSQLDialect
2022-11-14 10:09:41.993  INFO 14564 --- [main] o.h.e.t.j.p.i.JtaPlatformInitiator       : HHH000490: Using JtaPlatform implementation: [org.hibernate.engine.transaction.jta.platform.internal.NoJtaPlatform]
2022-11-14 10:09:42.002  INFO 14564 --- [main] j.LocalContainerEntityManagerFactoryBean : Initialized JPA EntityManagerFactory for persistence unit 'default'
2022-11-14 10:09:45.298  INFO 14564 --- [main] o.s.s.web.DefaultSecurityFilterChain     : Creating filter chain: any request, [org.springframework.security.web.context.request.async.WebAsyncManagerIntegrationFilter@5cba890e, org.springframework.security.web.context.SecurityContextPersistenceFilter@28bc9749, org.springframework.security.web.header.HeaderWriterFilter@2361365c, org.springframework.web.filter.CorsFilter@3a4cb483, org.springframework.security.web.authentication.logout.LogoutFilter@20be793a, com.carrier.crud.security.jwt.JwtTokenFilter@60c4cf2b, org.springframework.security.web.savedrequest.RequestCacheAwareFilter@3a116ca6, org.springframework.security.web.servletapi.SecurityContextHolderAwareRequestFilter@1123d461, org.springframework.security.web.authentication.AnonymousAuthenticationFilter@4d770bcd, org.springframework.security.web.session.SessionManagementFilter@56d5460f, org.springframework.security.web.access.ExceptionTranslationFilter@72b10258, org.springframework.security.web.access.intercept.FilterSecurityInterceptor@1a7a21d0]
2022-11-14 10:09:45.822  INFO 14564 --- [main] o.s.s.concurrent.ThreadPoolTaskExecutor  : Initializing ExecutorService 'applicationTaskExecutor'
2022-11-14 10:09:46.095  WARN 14564 --- [main] ion$DefaultTemplateResolverConfiguration : Cannot find template location: classpath:/templates/ (please add some templates or check your Thymeleaf configuration)
2022-11-14 10:09:46.538  INFO 14564 --- [main] com.carrier.crud.CrudApplicationTests    : Started CrudApplicationTests in 12.446 seconds (JVM running for 13.937)
2022-11-14 10:09:46.841  INFO 14564 --- [SpringContextShutdownHook] o.s.s.concurrent.ThreadPoolTaskExecutor  : Shutting down ExecutorService 'applicationTaskExecutor'
2022-11-14 10:09:46.844  INFO 14564 --- [SpringContextShutdownHook] j.LocalContainerEntityManagerFactoryBean : Closing JPA EntityManagerFactory for persistence unit 'default'
2022-11-14 10:09:46.847  INFO 14564 --- [SpringContextShutdownHook] com.zaxxer.hikari.HikariDataSource       : HikariPool-1 - Shutdown initiated...
2022-11-14 10:09:46.889  INFO 14564 --- [SpringContextShutdownHook] com.zaxxer.hikari.HikariDataSource       : HikariPool-1 - Shutdown completed.
2022-11-14 10:12:24.752  INFO 14060 --- [main] com.carrier.crud.CrudApplicationTests    : Starting CrudApplicationTests on DESKTOP-JSSIA35 with PID 14060 (started by FranMovilnet in C:\Users\FranMovilnet\Desktop\Noel\InterconexionesIX\carriermovilnetBackend-v2)
2022-11-14 10:12:24.754  INFO 14060 --- [main] com.carrier.crud.CrudApplicationTests    : No active profile set, falling back to default profiles: default
2022-11-14 10:12:26.310  INFO 14060 --- [main] .s.d.r.c.RepositoryConfigurationDelegate : Bootstrapping Spring Data JPA repositories in DEFAULT mode.
2022-11-14 10:12:26.519  INFO 14060 --- [main] .s.d.r.c.RepositoryConfigurationDelegate : Finished Spring Data repository scanning in 163ms. Found 12 JPA repository interfaces.
2022-11-14 10:12:27.370  INFO 14060 --- [main] trationDelegate$BeanPostProcessorChecker : Bean 'org.springframework.transaction.annotation.ProxyTransactionManagementConfiguration' of type [org.springframework.transaction.annotation.ProxyTransactionManagementConfiguration] is not eligible for getting processed by all BeanPostProcessors (for example: not eligible for auto-proxying)
2022-11-14 10:12:27.537  INFO 14060 --- [main] trationDelegate$BeanPostProcessorChecker : Bean 'org.springframework.security.config.annotation.configuration.ObjectPostProcessorConfiguration' of type [org.springframework.security.config.annotation.configuration.ObjectPostProcessorConfiguration] is not eligible for getting processed by all BeanPostProcessors (for example: not eligible for auto-proxying)
2022-11-14 10:12:27.546  INFO 14060 --- [main] trationDelegate$BeanPostProcessorChecker : Bean 'objectPostProcessor' of type [org.springframework.security.config.annotation.configuration.AutowireBeanFactoryObjectPostProcessor] is not eligible for getting processed by all BeanPostProcessors (for example: not eligible for auto-proxying)
2022-11-14 10:12:27.549  INFO 14060 --- [main] trationDelegate$BeanPostProcessorChecker : Bean 'org.springframework.security.access.expression.method.DefaultMethodSecurityExpressionHandler@3a5c2626' of type [org.springframework.security.access.expression.method.DefaultMethodSecurityExpressionHandler] is not eligible for getting processed by all BeanPostProcessors (for example: not eligible for auto-proxying)
2022-11-14 10:12:27.556  INFO 14060 --- [main] trationDelegate$BeanPostProcessorChecker : Bean 'org.springframework.security.config.annotation.method.configuration.GlobalMethodSecurityConfiguration' of type [org.springframework.security.config.annotation.method.configuration.GlobalMethodSecurityConfiguration] is not eligible for getting processed by all BeanPostProcessors (for example: not eligible for auto-proxying)
2022-11-14 10:12:27.565  INFO 14060 --- [main] trationDelegate$BeanPostProcessorChecker : Bean 'methodSecurityMetadataSource' of type [org.springframework.security.access.method.DelegatingMethodSecurityMetadataSource] is not eligible for getting processed by all BeanPostProcessors (for example: not eligible for auto-proxying)
2022-11-14 10:12:28.127  INFO 14060 --- [main] o.hibernate.jpa.internal.util.LogHelper  : HHH000204: Processing PersistenceUnitInfo [name: default]
2022-11-14 10:12:28.389  INFO 14060 --- [main] org.hibernate.Version                    : HHH000412: Hibernate Core {5.4.9.Final}
2022-11-14 10:12:28.646  INFO 14060 --- [main] o.hibernate.annotations.common.Version   : HCANN000001: Hibernate Commons Annotations {5.1.0.Final}
2022-11-14 10:12:29.385  INFO 14060 --- [main] com.zaxxer.hikari.HikariDataSource       : HikariPool-1 - Starting...
2022-11-14 10:12:30.394  INFO 14060 --- [main] com.zaxxer.hikari.HikariDataSource       : HikariPool-1 - Start completed.
2022-11-14 10:12:30.419  INFO 14060 --- [main] org.hibernate.dialect.Dialect            : HHH000400: Using dialect: org.hibernate.dialect.PostgreSQLDialect
2022-11-14 10:12:32.435  INFO 14060 --- [main] o.h.e.t.j.p.i.JtaPlatformInitiator       : HHH000490: Using JtaPlatform implementation: [org.hibernate.engine.transaction.jta.platform.internal.NoJtaPlatform]
2022-11-14 10:12:32.443  INFO 14060 --- [main] j.LocalContainerEntityManagerFactoryBean : Initialized JPA EntityManagerFactory for persistence unit 'default'
2022-11-14 10:12:36.749  INFO 14060 --- [main] o.s.s.web.DefaultSecurityFilterChain     : Creating filter chain: any request, [org.springframework.security.web.context.request.async.WebAsyncManagerIntegrationFilter@42ef5216, org.springframework.security.web.context.SecurityContextPersistenceFilter@6b899971, org.springframework.security.web.header.HeaderWriterFilter@3a116ca6, org.springframework.web.filter.CorsFilter@3180aee, org.springframework.security.web.authentication.logout.LogoutFilter@52a75c12, com.carrier.crud.security.jwt.JwtTokenFilter@1ac25dbb, org.springframework.security.web.savedrequest.RequestCacheAwareFilter@7cec3975, org.springframework.security.web.servletapi.SecurityContextHolderAwareRequestFilter@29ccab93, org.springframework.security.web.authentication.AnonymousAuthenticationFilter@5d94ac8a, org.springframework.security.web.session.SessionManagementFilter@1397b141, org.springframework.security.web.access.ExceptionTranslationFilter@4a0c512b, org.springframework.security.web.access.intercept.FilterSecurityInterceptor@7582a16b]
2022-11-14 10:12:37.651  INFO 14060 --- [main] o.s.s.concurrent.ThreadPoolTaskExecutor  : Initializing ExecutorService 'applicationTaskExecutor'
2022-11-14 10:12:38.014  WARN 14060 --- [main] ion$DefaultTemplateResolverConfiguration : Cannot find template location: classpath:/templates/ (please add some templates or check your Thymeleaf configuration)
2022-11-14 10:12:38.589  INFO 14060 --- [main] com.carrier.crud.CrudApplicationTests    : Started CrudApplicationTests in 14.373 seconds (JVM running for 15.811)
2022-11-14 10:12:38.897  INFO 14060 --- [SpringContextShutdownHook] o.s.s.concurrent.ThreadPoolTaskExecutor  : Shutting down ExecutorService 'applicationTaskExecutor'
2022-11-14 10:12:38.906  INFO 14060 --- [SpringContextShutdownHook] j.LocalContainerEntityManagerFactoryBean : Closing JPA EntityManagerFactory for persistence unit 'default'
2022-11-14 10:12:38.909  INFO 14060 --- [SpringContextShutdownHook] com.zaxxer.hikari.HikariDataSource       : HikariPool-1 - Shutdown initiated...
2022-11-14 10:12:38.938  INFO 14060 --- [SpringContextShutdownHook] com.zaxxer.hikari.HikariDataSource       : HikariPool-1 - Shutdown completed.
2022-11-14 10:25:40.622  INFO 20672 --- [main] com.carrier.crud.CrudApplicationTests    : Starting CrudApplicationTests on DESKTOP-JSSIA35 with PID 20672 (started by FranMovilnet in C:\Users\FranMovilnet\Desktop\Noel\InterconexionesIX\carriermovilnetBackend-v2)
2022-11-14 10:25:40.624  INFO 20672 --- [main] com.carrier.crud.CrudApplicationTests    : No active profile set, falling back to default profiles: default
2022-11-14 10:25:42.469  INFO 20672 --- [main] .s.d.r.c.RepositoryConfigurationDelegate : Bootstrapping Spring Data JPA repositories in DEFAULT mode.
2022-11-14 10:25:42.843  INFO 20672 --- [main] .s.d.r.c.RepositoryConfigurationDelegate : Finished Spring Data repository scanning in 361ms. Found 12 JPA repository interfaces.
2022-11-14 10:25:43.770  INFO 20672 --- [main] trationDelegate$BeanPostProcessorChecker : Bean 'org.springframework.transaction.annotation.ProxyTransactionManagementConfiguration' of type [org.springframework.transaction.annotation.ProxyTransactionManagementConfiguration] is not eligible for getting processed by all BeanPostProcessors (for example: not eligible for auto-proxying)
2022-11-14 10:25:43.882  INFO 20672 --- [main] trationDelegate$BeanPostProcessorChecker : Bean 'org.springframework.security.config.annotation.configuration.ObjectPostProcessorConfiguration' of type [org.springframework.security.config.annotation.configuration.ObjectPostProcessorConfiguration] is not eligible for getting processed by all BeanPostProcessors (for example: not eligible for auto-proxying)
2022-11-14 10:25:43.889  INFO 20672 --- [main] trationDelegate$BeanPostProcessorChecker : Bean 'objectPostProcessor' of type [org.springframework.security.config.annotation.configuration.AutowireBeanFactoryObjectPostProcessor] is not eligible for getting processed by all BeanPostProcessors (for example: not eligible for auto-proxying)
2022-11-14 10:25:43.891  INFO 20672 --- [main] trationDelegate$BeanPostProcessorChecker : Bean 'org.springframework.security.access.expression.method.DefaultMethodSecurityExpressionHandler@43a51d00' of type [org.springframework.security.access.expression.method.DefaultMethodSecurityExpressionHandler] is not eligible for getting processed by all BeanPostProcessors (for example: not eligible for auto-proxying)
2022-11-14 10:25:43.936  INFO 20672 --- [main] trationDelegate$BeanPostProcessorChecker : Bean 'org.springframework.security.config.annotation.method.configuration.GlobalMethodSecurityConfiguration' of type [org.springframework.security.config.annotation.method.configuration.GlobalMethodSecurityConfiguration] is not eligible for getting processed by all BeanPostProcessors (for example: not eligible for auto-proxying)
2022-11-14 10:25:43.946  INFO 20672 --- [main] trationDelegate$BeanPostProcessorChecker : Bean 'methodSecurityMetadataSource' of type [org.springframework.security.access.method.DelegatingMethodSecurityMetadataSource] is not eligible for getting processed by all BeanPostProcessors (for example: not eligible for auto-proxying)
2022-11-14 10:25:44.368  INFO 20672 --- [main] o.hibernate.jpa.internal.util.LogHelper  : HHH000204: Processing PersistenceUnitInfo [name: default]
2022-11-14 10:25:44.831  INFO 20672 --- [main] org.hibernate.Version                    : HHH000412: Hibernate Core {5.4.9.Final}
2022-11-14 10:25:45.074  INFO 20672 --- [main] o.hibernate.annotations.common.Version   : HCANN000001: Hibernate Commons Annotations {5.1.0.Final}
2022-11-14 10:25:46.106  INFO 20672 --- [main] com.zaxxer.hikari.HikariDataSource       : HikariPool-1 - Starting...
2022-11-14 10:25:47.423  INFO 20672 --- [main] com.zaxxer.hikari.HikariDataSource       : HikariPool-1 - Start completed.
2022-11-14 10:25:47.475  INFO 20672 --- [main] org.hibernate.dialect.Dialect            : HHH000400: Using dialect: org.hibernate.dialect.PostgreSQLDialect
2022-11-14 10:29:16.139  INFO 10828 --- [main] com.carrier.crud.CrudApplicationTests    : Starting CrudApplicationTests on DESKTOP-JSSIA35 with PID 10828 (started by FranMovilnet in C:\Users\FranMovilnet\Desktop\Noel\InterconexionesIX\carriermovilnetBackend-v2)
2022-11-14 10:29:16.142  INFO 10828 --- [main] com.carrier.crud.CrudApplicationTests    : No active profile set, falling back to default profiles: default
2022-11-14 10:29:17.109  INFO 10828 --- [main] .s.d.r.c.RepositoryConfigurationDelegate : Bootstrapping Spring Data JPA repositories in DEFAULT mode.
2022-11-14 10:29:17.242  INFO 10828 --- [main] .s.d.r.c.RepositoryConfigurationDelegate : Finished Spring Data repository scanning in 122ms. Found 12 JPA repository interfaces.
2022-11-14 10:29:17.704  INFO 10828 --- [main] trationDelegate$BeanPostProcessorChecker : Bean 'org.springframework.transaction.annotation.ProxyTransactionManagementConfiguration' of type [org.springframework.transaction.annotation.ProxyTransactionManagementConfiguration] is not eligible for getting processed by all BeanPostProcessors (for example: not eligible for auto-proxying)
2022-11-14 10:29:17.761  INFO 10828 --- [main] trationDelegate$BeanPostProcessorChecker : Bean 'org.springframework.security.config.annotation.configuration.ObjectPostProcessorConfiguration' of type [org.springframework.security.config.annotation.configuration.ObjectPostProcessorConfiguration] is not eligible for getting processed by all BeanPostProcessors (for example: not eligible for auto-proxying)
2022-11-14 10:29:17.769  INFO 10828 --- [main] trationDelegate$BeanPostProcessorChecker : Bean 'objectPostProcessor' of type [org.springframework.security.config.annotation.configuration.AutowireBeanFactoryObjectPostProcessor] is not eligible for getting processed by all BeanPostProcessors (for example: not eligible for auto-proxying)
2022-11-14 10:29:17.771  INFO 10828 --- [main] trationDelegate$BeanPostProcessorChecker : Bean 'org.springframework.security.access.expression.method.DefaultMethodSecurityExpressionHandler@363a3d15' of type [org.springframework.security.access.expression.method.DefaultMethodSecurityExpressionHandler] is not eligible for getting processed by all BeanPostProcessors (for example: not eligible for auto-proxying)
2022-11-14 10:29:17.780  INFO 10828 --- [main] trationDelegate$BeanPostProcessorChecker : Bean 'org.springframework.security.config.annotation.method.configuration.GlobalMethodSecurityConfiguration' of type [org.springframework.security.config.annotation.method.configuration.GlobalMethodSecurityConfiguration] is not eligible for getting processed by all BeanPostProcessors (for example: not eligible for auto-proxying)
2022-11-14 10:29:17.787  INFO 10828 --- [main] trationDelegate$BeanPostProcessorChecker : Bean 'methodSecurityMetadataSource' of type [org.springframework.security.access.method.DelegatingMethodSecurityMetadataSource] is not eligible for getting processed by all BeanPostProcessors (for example: not eligible for auto-proxying)
2022-11-14 10:29:18.051  INFO 10828 --- [main] o.hibernate.jpa.internal.util.LogHelper  : HHH000204: Processing PersistenceUnitInfo [name: default]
2022-11-14 10:29:18.191  INFO 10828 --- [main] org.hibernate.Version                    : HHH000412: Hibernate Core {5.4.9.Final}
2022-11-14 10:29:18.382  INFO 10828 --- [main] o.hibernate.annotations.common.Version   : HCANN000001: Hibernate Commons Annotations {5.1.0.Final}
2022-11-14 10:29:18.839  INFO 10828 --- [main] com.zaxxer.hikari.HikariDataSource       : HikariPool-1 - Starting...
2022-11-14 10:29:19.333  INFO 10828 --- [main] com.zaxxer.hikari.HikariDataSource       : HikariPool-1 - Start completed.
2022-11-14 10:29:19.357  INFO 10828 --- [main] org.hibernate.dialect.Dialect            : HHH000400: Using dialect: org.hibernate.dialect.PostgreSQLDialect
2022-11-14 10:29:20.954  INFO 10828 --- [main] o.h.e.t.j.p.i.JtaPlatformInitiator       : HHH000490: Using JtaPlatform implementation: [org.hibernate.engine.transaction.jta.platform.internal.NoJtaPlatform]
2022-11-14 10:29:20.962  INFO 10828 --- [main] j.LocalContainerEntityManagerFactoryBean : Initialized JPA EntityManagerFactory for persistence unit 'default'
2022-11-14 10:29:22.871  INFO 10828 --- [main] o.s.s.web.DefaultSecurityFilterChain     : Creating filter chain: any request, [org.springframework.security.web.context.request.async.WebAsyncManagerIntegrationFilter@174cb0d8, org.springframework.security.web.context.SecurityContextPersistenceFilter@5e763c07, org.springframework.security.web.header.HeaderWriterFilter@2d88c1bf, org.springframework.web.filter.CorsFilter@3ac406d4, org.springframework.security.web.authentication.logout.LogoutFilter@44c27b8b, com.carrier.crud.security.jwt.JwtTokenFilter@aa23f11, org.springframework.security.web.savedrequest.RequestCacheAwareFilter@1123d461, org.springframework.security.web.servletapi.SecurityContextHolderAwareRequestFilter@1397b141, org.springframework.security.web.authentication.AnonymousAuthenticationFilter@72646d16, org.springframework.security.web.session.SessionManagementFilter@54a5496f, org.springframework.security.web.access.ExceptionTranslationFilter@59b853aa, org.springframework.security.web.access.intercept.FilterSecurityInterceptor@5340ccb9]
2022-11-14 10:29:23.161  INFO 10828 --- [main] o.s.s.concurrent.ThreadPoolTaskExecutor  : Initializing ExecutorService 'applicationTaskExecutor'
2022-11-14 10:29:23.279  WARN 10828 --- [main] ion$DefaultTemplateResolverConfiguration : Cannot find template location: classpath:/templates/ (please add some templates or check your Thymeleaf configuration)
2022-11-14 10:29:23.490  INFO 10828 --- [main] com.carrier.crud.CrudApplicationTests    : Started CrudApplicationTests in 7.67 seconds (JVM running for 8.699)
2022-11-14 10:29:23.634  INFO 10828 --- [SpringContextShutdownHook] o.s.s.concurrent.ThreadPoolTaskExecutor  : Shutting down ExecutorService 'applicationTaskExecutor'
2022-11-14 10:29:23.643  INFO 10828 --- [SpringContextShutdownHook] j.LocalContainerEntityManagerFactoryBean : Closing JPA EntityManagerFactory for persistence unit 'default'
2022-11-14 10:29:23.647  INFO 10828 --- [SpringContextShutdownHook] com.zaxxer.hikari.HikariDataSource       : HikariPool-1 - Shutdown initiated...
2022-11-14 10:29:23.663  INFO 10828 --- [SpringContextShutdownHook] com.zaxxer.hikari.HikariDataSource       : HikariPool-1 - Shutdown completed.
2022-11-14 13:41:24.667  INFO 13256 --- [main] com.carrier.crud.CrudApplicationTests    : Starting CrudApplicationTests on DESKTOP-JSSIA35 with PID 13256 (started by FranMovilnet in C:\Users\FranMovilnet\Desktop\Noel\InterconexionesIX\carriermovilnetBackend-v2)
2022-11-14 13:41:24.679  INFO 13256 --- [main] com.carrier.crud.CrudApplicationTests    : No active profile set, falling back to default profiles: default
2022-11-14 13:41:25.659  INFO 13256 --- [main] .s.d.r.c.RepositoryConfigurationDelegate : Bootstrapping Spring Data JPA repositories in DEFAULT mode.
2022-11-14 13:41:25.784  INFO 13256 --- [main] .s.d.r.c.RepositoryConfigurationDelegate : Finished Spring Data repository scanning in 115ms. Found 12 JPA repository interfaces.
2022-11-14 13:41:26.229  INFO 13256 --- [main] trationDelegate$BeanPostProcessorChecker : Bean 'org.springframework.transaction.annotation.ProxyTransactionManagementConfiguration' of type [org.springframework.transaction.annotation.ProxyTransactionManagementConfiguration] is not eligible for getting processed by all BeanPostProcessors (for example: not eligible for auto-proxying)
2022-11-14 13:41:26.278  INFO 13256 --- [main] trationDelegate$BeanPostProcessorChecker : Bean 'org.springframework.security.config.annotation.configuration.ObjectPostProcessorConfiguration' of type [org.springframework.security.config.annotation.configuration.ObjectPostProcessorConfiguration] is not eligible for getting processed by all BeanPostProcessors (for example: not eligible for auto-proxying)
2022-11-14 13:41:26.285  INFO 13256 --- [main] trationDelegate$BeanPostProcessorChecker : Bean 'objectPostProcessor' of type [org.springframework.security.config.annotation.configuration.AutowireBeanFactoryObjectPostProcessor] is not eligible for getting processed by all BeanPostProcessors (for example: not eligible for auto-proxying)
2022-11-14 13:41:26.288  INFO 13256 --- [main] trationDelegate$BeanPostProcessorChecker : Bean 'org.springframework.security.access.expression.method.DefaultMethodSecurityExpressionHandler@3402b4c9' of type [org.springframework.security.access.expression.method.DefaultMethodSecurityExpressionHandler] is not eligible for getting processed by all BeanPostProcessors (for example: not eligible for auto-proxying)
2022-11-14 13:41:26.296  INFO 13256 --- [main] trationDelegate$BeanPostProcessorChecker : Bean 'org.springframework.security.config.annotation.method.configuration.GlobalMethodSecurityConfiguration' of type [org.springframework.security.config.annotation.method.configuration.GlobalMethodSecurityConfiguration] is not eligible for getting processed by all BeanPostProcessors (for example: not eligible for auto-proxying)
2022-11-14 13:41:26.304  INFO 13256 --- [main] trationDelegate$BeanPostProcessorChecker : Bean 'methodSecurityMetadataSource' of type [org.springframework.security.access.method.DelegatingMethodSecurityMetadataSource] is not eligible for getting processed by all BeanPostProcessors (for example: not eligible for auto-proxying)
2022-11-14 13:41:26.538  INFO 13256 --- [main] o.hibernate.jpa.internal.util.LogHelper  : HHH000204: Processing PersistenceUnitInfo [name: default]
2022-11-14 13:41:26.681  INFO 13256 --- [main] org.hibernate.Version                    : HHH000412: Hibernate Core {5.4.9.Final}
2022-11-14 13:41:26.829  INFO 13256 --- [main] o.hibernate.annotations.common.Version   : HCANN000001: Hibernate Commons Annotations {5.1.0.Final}
2022-11-14 13:41:27.165  INFO 13256 --- [main] com.zaxxer.hikari.HikariDataSource       : HikariPool-1 - Starting...
2022-11-14 13:41:27.644  INFO 13256 --- [main] com.zaxxer.hikari.HikariDataSource       : HikariPool-1 - Start completed.
2022-11-14 13:41:27.669  INFO 13256 --- [main] org.hibernate.dialect.Dialect            : HHH000400: Using dialect: org.hibernate.dialect.PostgreSQLDialect
2022-11-14 13:41:29.404  INFO 13256 --- [main] o.h.e.t.j.p.i.JtaPlatformInitiator       : HHH000490: Using JtaPlatform implementation: [org.hibernate.engine.transaction.jta.platform.internal.NoJtaPlatform]
2022-11-14 13:41:29.412  INFO 13256 --- [main] j.LocalContainerEntityManagerFactoryBean : Initialized JPA EntityManagerFactory for persistence unit 'default'
2022-11-14 13:41:31.358  INFO 13256 --- [main] o.s.s.web.DefaultSecurityFilterChain     : Creating filter chain: any request, [org.springframework.security.web.context.request.async.WebAsyncManagerIntegrationFilter@288b73c1, org.springframework.security.web.context.SecurityContextPersistenceFilter@2d88c1bf, org.springframework.security.web.header.HeaderWriterFilter@69372c1e, org.springframework.web.filter.CorsFilter@104cfb24, org.springframework.security.web.authentication.logout.LogoutFilter@34f60be9, com.carrier.crud.security.jwt.JwtTokenFilter@3e2578ea, org.springframework.security.web.savedrequest.RequestCacheAwareFilter@34652065, org.springframework.security.web.servletapi.SecurityContextHolderAwareRequestFilter@4a0c512b, org.springframework.security.web.authentication.AnonymousAuthenticationFilter@5340ccb9, org.springframework.security.web.session.SessionManagementFilter@59b853aa, org.springframework.security.web.access.ExceptionTranslationFilter@e5864c2, org.springframework.security.web.access.intercept.FilterSecurityInterceptor@55317c63]
2022-11-14 13:41:31.727  INFO 13256 --- [main] o.s.s.concurrent.ThreadPoolTaskExecutor  : Initializing ExecutorService 'applicationTaskExecutor'
2022-11-14 13:41:31.874  WARN 13256 --- [main] ion$DefaultTemplateResolverConfiguration : Cannot find template location: classpath:/templates/ (please add some templates or check your Thymeleaf configuration)
2022-11-14 13:41:32.096  INFO 13256 --- [main] com.carrier.crud.CrudApplicationTests    : Started CrudApplicationTests in 7.765 seconds (JVM running for 8.825)
2022-11-14 13:41:32.311  INFO 13256 --- [SpringContextShutdownHook] o.s.s.concurrent.ThreadPoolTaskExecutor  : Shutting down ExecutorService 'applicationTaskExecutor'
2022-11-14 13:41:32.315  INFO 13256 --- [SpringContextShutdownHook] j.LocalContainerEntityManagerFactoryBean : Closing JPA EntityManagerFactory for persistence unit 'default'
2022-11-14 13:41:32.318  INFO 13256 --- [SpringContextShutdownHook] com.zaxxer.hikari.HikariDataSource       : HikariPool-1 - Shutdown initiated...
2022-11-14 13:41:32.330  INFO 13256 --- [SpringContextShutdownHook] com.zaxxer.hikari.HikariDataSource       : HikariPool-1 - Shutdown completed.
2022-11-14 14:42:49.062  INFO 20748 --- [main] com.carrier.crud.CrudApplicationTests    : Starting CrudApplicationTests on DESKTOP-JSSIA35 with PID 20748 (started by FranMovilnet in C:\Users\FranMovilnet\Desktop\Noel\InterconexionesIX\carriermovilnetBackend-v2)
2022-11-14 14:42:49.064  INFO 20748 --- [main] com.carrier.crud.CrudApplicationTests    : No active profile set, falling back to default profiles: default
2022-11-14 14:42:50.037  INFO 20748 --- [main] .s.d.r.c.RepositoryConfigurationDelegate : Bootstrapping Spring Data JPA repositories in DEFAULT mode.
2022-11-14 14:42:50.190  INFO 20748 --- [main] .s.d.r.c.RepositoryConfigurationDelegate : Finished Spring Data repository scanning in 142ms. Found 12 JPA repository interfaces.
2022-11-14 14:42:50.735  INFO 20748 --- [main] trationDelegate$BeanPostProcessorChecker : Bean 'org.springframework.transaction.annotation.ProxyTransactionManagementConfiguration' of type [org.springframework.transaction.annotation.ProxyTransactionManagementConfiguration] is not eligible for getting processed by all BeanPostProcessors (for example: not eligible for auto-proxying)
2022-11-14 14:42:50.824  INFO 20748 --- [main] trationDelegate$BeanPostProcessorChecker : Bean 'org.springframework.security.config.annotation.configuration.ObjectPostProcessorConfiguration' of type [org.springframework.security.config.annotation.configuration.ObjectPostProcessorConfiguration] is not eligible for getting processed by all BeanPostProcessors (for example: not eligible for auto-proxying)
2022-11-14 14:42:50.830  INFO 20748 --- [main] trationDelegate$BeanPostProcessorChecker : Bean 'objectPostProcessor' of type [org.springframework.security.config.annotation.configuration.AutowireBeanFactoryObjectPostProcessor] is not eligible for getting processed by all BeanPostProcessors (for example: not eligible for auto-proxying)
2022-11-14 14:42:50.832  INFO 20748 --- [main] trationDelegate$BeanPostProcessorChecker : Bean 'org.springframework.security.access.expression.method.DefaultMethodSecurityExpressionHandler@5d7835a8' of type [org.springframework.security.access.expression.method.DefaultMethodSecurityExpressionHandler] is not eligible for getting processed by all BeanPostProcessors (for example: not eligible for auto-proxying)
2022-11-14 14:42:50.841  INFO 20748 --- [main] trationDelegate$BeanPostProcessorChecker : Bean 'org.springframework.security.config.annotation.method.configuration.GlobalMethodSecurityConfiguration' of type [org.springframework.security.config.annotation.method.configuration.GlobalMethodSecurityConfiguration] is not eligible for getting processed by all BeanPostProcessors (for example: not eligible for auto-proxying)
2022-11-14 14:42:50.849  INFO 20748 --- [main] trationDelegate$BeanPostProcessorChecker : Bean 'methodSecurityMetadataSource' of type [org.springframework.security.access.method.DelegatingMethodSecurityMetadataSource] is not eligible for getting processed by all BeanPostProcessors (for example: not eligible for auto-proxying)
2022-11-14 14:42:51.113  INFO 20748 --- [main] o.hibernate.jpa.internal.util.LogHelper  : HHH000204: Processing PersistenceUnitInfo [name: default]
2022-11-14 14:42:51.252  INFO 20748 --- [main] org.hibernate.Version                    : HHH000412: Hibernate Core {5.4.9.Final}
2022-11-14 14:42:51.423  INFO 20748 --- [main] o.hibernate.annotations.common.Version   : HCANN000001: Hibernate Commons Annotations {5.1.0.Final}
2022-11-14 14:42:51.830  INFO 20748 --- [main] com.zaxxer.hikari.HikariDataSource       : HikariPool-1 - Starting...
2022-11-14 14:42:52.352  INFO 20748 --- [main] com.zaxxer.hikari.HikariDataSource       : HikariPool-1 - Start completed.
2022-11-14 14:42:52.377  INFO 20748 --- [main] org.hibernate.dialect.Dialect            : HHH000400: Using dialect: org.hibernate.dialect.PostgreSQLDialect
2022-11-14 14:42:53.842  INFO 20748 --- [main] o.h.e.t.j.p.i.JtaPlatformInitiator       : HHH000490: Using JtaPlatform implementation: [org.hibernate.engine.transaction.jta.platform.internal.NoJtaPlatform]
2022-11-14 14:42:53.850  INFO 20748 --- [main] j.LocalContainerEntityManagerFactoryBean : Initialized JPA EntityManagerFactory for persistence unit 'default'
2022-11-14 14:42:55.701  INFO 20748 --- [main] o.s.s.web.DefaultSecurityFilterChain     : Creating filter chain: any request, [org.springframework.security.web.context.request.async.WebAsyncManagerIntegrationFilter@55317c63, org.springframework.security.web.context.SecurityContextPersistenceFilter@12bcf7c6, org.springframework.security.web.header.HeaderWriterFilter@771d4db, org.springframework.web.filter.CorsFilter@35d81657, org.springframework.security.web.authentication.logout.LogoutFilter@17e6b7e4, com.carrier.crud.security.jwt.JwtTokenFilter@4cd90c36, org.springframework.security.web.savedrequest.RequestCacheAwareFilter@2066e897, org.springframework.security.web.servletapi.SecurityContextHolderAwareRequestFilter@1c98fe6f, org.springframework.security.web.authentication.AnonymousAuthenticationFilter@42ef5216, org.springframework.security.web.session.SessionManagementFilter@28bc9749, org.springframework.security.web.access.ExceptionTranslationFilter@2361365c, org.springframework.security.web.access.intercept.FilterSecurityInterceptor@2d705998]
2022-11-14 14:42:56.017  INFO 20748 --- [main] o.s.s.concurrent.ThreadPoolTaskExecutor  : Initializing ExecutorService 'applicationTaskExecutor'
2022-11-14 14:42:56.150  WARN 20748 --- [main] ion$DefaultTemplateResolverConfiguration : Cannot find template location: classpath:/templates/ (please add some templates or check your Thymeleaf configuration)
2022-11-14 14:42:56.372  INFO 20748 --- [main] com.carrier.crud.CrudApplicationTests    : Started CrudApplicationTests in 7.7 seconds (JVM running for 8.861)
2022-11-14 14:42:56.526  INFO 20748 --- [SpringContextShutdownHook] o.s.s.concurrent.ThreadPoolTaskExecutor  : Shutting down ExecutorService 'applicationTaskExecutor'
2022-11-14 14:42:56.532  INFO 20748 --- [SpringContextShutdownHook] j.LocalContainerEntityManagerFactoryBean : Closing JPA EntityManagerFactory for persistence unit 'default'
2022-11-14 14:42:56.535  INFO 20748 --- [SpringContextShutdownHook] com.zaxxer.hikari.HikariDataSource       : HikariPool-1 - Shutdown initiated...
2022-11-14 14:42:56.545  INFO 20748 --- [SpringContextShutdownHook] com.zaxxer.hikari.HikariDataSource       : HikariPool-1 - Shutdown completed.
