2022-11-08 10:49:27.172  INFO 14996 --- [main] com.carrier.crud.CrudApplicationTests    : Starting CrudApplicationTests on DESKTOP-JSSIA35 with PID 14996 (started by FranMovilnet in C:\Users\FranMovilnet\Desktop\Noel\InterconexionesIX\carriermovilnetBackend-v2)
2022-11-08 10:49:27.177  INFO 14996 --- [main] com.carrier.crud.CrudApplicationTests    : No active profile set, falling back to default profiles: default
2022-11-08 10:49:28.144  INFO 14996 --- [main] .s.d.r.c.RepositoryConfigurationDelegate : Bootstrapping Spring Data JPA repositories in DEFAULT mode.
2022-11-08 10:49:28.279  INFO 14996 --- [main] .s.d.r.c.RepositoryConfigurationDelegate : Finished Spring Data repository scanning in 125ms. Found 12 JPA repository interfaces.
2022-11-08 10:49:28.734  INFO 14996 --- [main] trationDelegate$BeanPostProcessorChecker : Bean 'org.springframework.transaction.annotation.ProxyTransactionManagementConfiguration' of type [org.springframework.transaction.annotation.ProxyTransactionManagementConfiguration] is not eligible for getting processed by all BeanPostProcessors (for example: not eligible for auto-proxying)
2022-11-08 10:49:28.773  INFO 14996 --- [main] trationDelegate$BeanPostProcessorChecker : Bean 'org.springframework.security.config.annotation.configuration.ObjectPostProcessorConfiguration' of type [org.springframework.security.config.annotation.configuration.ObjectPostProcessorConfiguration] is not eligible for getting processed by all BeanPostProcessors (for example: not eligible for auto-proxying)
2022-11-08 10:49:28.779  INFO 14996 --- [main] trationDelegate$BeanPostProcessorChecker : Bean 'objectPostProcessor' of type [org.springframework.security.config.annotation.configuration.AutowireBeanFactoryObjectPostProcessor] is not eligible for getting processed by all BeanPostProcessors (for example: not eligible for auto-proxying)
2022-11-08 10:49:28.781  INFO 14996 --- [main] trationDelegate$BeanPostProcessorChecker : Bean 'org.springframework.security.access.expression.method.DefaultMethodSecurityExpressionHandler@95bb2a2' of type [org.springframework.security.access.expression.method.DefaultMethodSecurityExpressionHandler] is not eligible for getting processed by all BeanPostProcessors (for example: not eligible for auto-proxying)
2022-11-08 10:49:28.788  INFO 14996 --- [main] trationDelegate$BeanPostProcessorChecker : Bean 'org.springframework.security.config.annotation.method.configuration.GlobalMethodSecurityConfiguration' of type [org.springframework.security.config.annotation.method.configuration.GlobalMethodSecurityConfiguration] is not eligible for getting processed by all BeanPostProcessors (for example: not eligible for auto-proxying)
2022-11-08 10:49:28.797  INFO 14996 --- [main] trationDelegate$BeanPostProcessorChecker : Bean 'methodSecurityMetadataSource' of type [org.springframework.security.access.method.DelegatingMethodSecurityMetadataSource] is not eligible for getting processed by all BeanPostProcessors (for example: not eligible for auto-proxying)
2022-11-08 10:49:29.082  INFO 14996 --- [main] o.hibernate.jpa.internal.util.LogHelper  : HHH000204: Processing PersistenceUnitInfo [name: default]
2022-11-08 10:49:29.231  INFO 14996 --- [main] org.hibernate.Version                    : HHH000412: Hibernate Core {5.4.9.Final}
2022-11-08 10:49:29.381  INFO 14996 --- [main] o.hibernate.annotations.common.Version   : HCANN000001: Hibernate Commons Annotations {5.1.0.Final}
2022-11-08 10:49:29.710  INFO 14996 --- [main] com.zaxxer.hikari.HikariDataSource       : HikariPool-1 - Starting...
2022-11-08 10:49:30.183  INFO 14996 --- [main] com.zaxxer.hikari.HikariDataSource       : HikariPool-1 - Start completed.
2022-11-08 10:49:30.209  INFO 14996 --- [main] org.hibernate.dialect.Dialect            : HHH000400: Using dialect: org.hibernate.dialect.PostgreSQLDialect
2022-11-08 10:49:31.549  INFO 14996 --- [main] o.h.e.t.j.p.i.JtaPlatformInitiator       : HHH000490: Using JtaPlatform implementation: [org.hibernate.engine.transaction.jta.platform.internal.NoJtaPlatform]
2022-11-08 10:49:31.557  INFO 14996 --- [main] j.LocalContainerEntityManagerFactoryBean : Initialized JPA EntityManagerFactory for persistence unit 'default'
2022-11-08 10:49:33.204  INFO 14996 --- [main] o.s.s.web.DefaultSecurityFilterChain     : Creating filter chain: any request, [org.springframework.security.web.context.request.async.WebAsyncManagerIntegrationFilter@35d81657, org.springframework.security.web.context.SecurityContextPersistenceFilter@5e763c07, org.springframework.security.web.header.HeaderWriterFilter@2d88c1bf, org.springframework.web.filter.CorsFilter@42ef5216, org.springframework.security.web.authentication.logout.LogoutFilter@44c27b8b, com.carrier.crud.security.jwt.JwtTokenFilter@aa23f11, org.springframework.security.web.savedrequest.RequestCacheAwareFilter@1123d461, org.springframework.security.web.servletapi.SecurityContextHolderAwareRequestFilter@1397b141, org.springframework.security.web.authentication.AnonymousAuthenticationFilter@3180aee, org.springframework.security.web.session.SessionManagementFilter@54a5496f, org.springframework.security.web.access.ExceptionTranslationFilter@59b853aa, org.springframework.security.web.access.intercept.FilterSecurityInterceptor@28a3fc34]
2022-11-08 10:49:33.468  INFO 14996 --- [main] o.s.s.concurrent.ThreadPoolTaskExecutor  : Initializing ExecutorService 'applicationTaskExecutor'
2022-11-08 10:49:33.593  WARN 14996 --- [main] ion$DefaultTemplateResolverConfiguration : Cannot find template location: classpath:/templates/ (please add some templates or check your Thymeleaf configuration)
2022-11-08 10:49:33.791  INFO 14996 --- [main] com.carrier.crud.CrudApplicationTests    : Started CrudApplicationTests in 7.026 seconds (JVM running for 8.077)
2022-11-08 10:49:33.936  INFO 14996 --- [SpringContextShutdownHook] o.s.s.concurrent.ThreadPoolTaskExecutor  : Shutting down ExecutorService 'applicationTaskExecutor'
2022-11-08 10:49:33.942  INFO 14996 --- [SpringContextShutdownHook] j.LocalContainerEntityManagerFactoryBean : Closing JPA EntityManagerFactory for persistence unit 'default'
2022-11-08 10:49:33.946  INFO 14996 --- [SpringContextShutdownHook] com.zaxxer.hikari.HikariDataSource       : HikariPool-1 - Shutdown initiated...
2022-11-08 10:49:33.954  INFO 14996 --- [SpringContextShutdownHook] com.zaxxer.hikari.HikariDataSource       : HikariPool-1 - Shutdown completed.
2022-11-08 11:24:58.781  INFO 16308 --- [main] com.carrier.crud.CrudApplicationTests    : Starting CrudApplicationTests on DESKTOP-JSSIA35 with PID 16308 (started by FranMovilnet in C:\Users\FranMovilnet\Desktop\Noel\InterconexionesIX\carriermovilnetBackend-v2)
2022-11-08 11:24:58.785  INFO 16308 --- [main] com.carrier.crud.CrudApplicationTests    : No active profile set, falling back to default profiles: default
2022-11-08 11:24:59.732  INFO 16308 --- [main] .s.d.r.c.RepositoryConfigurationDelegate : Bootstrapping Spring Data JPA repositories in DEFAULT mode.
2022-11-08 11:24:59.877  INFO 16308 --- [main] .s.d.r.c.RepositoryConfigurationDelegate : Finished Spring Data repository scanning in 134ms. Found 12 JPA repository interfaces.
2022-11-08 11:25:00.354  INFO 16308 --- [main] trationDelegate$BeanPostProcessorChecker : Bean 'org.springframework.transaction.annotation.ProxyTransactionManagementConfiguration' of type [org.springframework.transaction.annotation.ProxyTransactionManagementConfiguration] is not eligible for getting processed by all BeanPostProcessors (for example: not eligible for auto-proxying)
2022-11-08 11:25:00.389  INFO 16308 --- [main] trationDelegate$BeanPostProcessorChecker : Bean 'org.springframework.security.config.annotation.configuration.ObjectPostProcessorConfiguration' of type [org.springframework.security.config.annotation.configuration.ObjectPostProcessorConfiguration] is not eligible for getting processed by all BeanPostProcessors (for example: not eligible for auto-proxying)
2022-11-08 11:25:00.396  INFO 16308 --- [main] trationDelegate$BeanPostProcessorChecker : Bean 'objectPostProcessor' of type [org.springframework.security.config.annotation.configuration.AutowireBeanFactoryObjectPostProcessor] is not eligible for getting processed by all BeanPostProcessors (for example: not eligible for auto-proxying)
2022-11-08 11:25:00.398  INFO 16308 --- [main] trationDelegate$BeanPostProcessorChecker : Bean 'org.springframework.security.access.expression.method.DefaultMethodSecurityExpressionHandler@47b179d7' of type [org.springframework.security.access.expression.method.DefaultMethodSecurityExpressionHandler] is not eligible for getting processed by all BeanPostProcessors (for example: not eligible for auto-proxying)
2022-11-08 11:25:00.406  INFO 16308 --- [main] trationDelegate$BeanPostProcessorChecker : Bean 'org.springframework.security.config.annotation.method.configuration.GlobalMethodSecurityConfiguration' of type [org.springframework.security.config.annotation.method.configuration.GlobalMethodSecurityConfiguration] is not eligible for getting processed by all BeanPostProcessors (for example: not eligible for auto-proxying)
2022-11-08 11:25:00.415  INFO 16308 --- [main] trationDelegate$BeanPostProcessorChecker : Bean 'methodSecurityMetadataSource' of type [org.springframework.security.access.method.DelegatingMethodSecurityMetadataSource] is not eligible for getting processed by all BeanPostProcessors (for example: not eligible for auto-proxying)
2022-11-08 11:25:00.653  INFO 16308 --- [main] o.hibernate.jpa.internal.util.LogHelper  : HHH000204: Processing PersistenceUnitInfo [name: default]
2022-11-08 11:25:00.790  INFO 16308 --- [main] org.hibernate.Version                    : HHH000412: Hibernate Core {5.4.9.Final}
2022-11-08 11:25:00.945  INFO 16308 --- [main] o.hibernate.annotations.common.Version   : HCANN000001: Hibernate Commons Annotations {5.1.0.Final}
2022-11-08 11:25:01.268  INFO 16308 --- [main] com.zaxxer.hikari.HikariDataSource       : HikariPool-1 - Starting...
2022-11-08 11:25:01.753  INFO 16308 --- [main] com.zaxxer.hikari.HikariDataSource       : HikariPool-1 - Start completed.
2022-11-08 11:25:01.775  INFO 16308 --- [main] org.hibernate.dialect.Dialect            : HHH000400: Using dialect: org.hibernate.dialect.PostgreSQLDialect
2022-11-08 11:25:03.141  INFO 16308 --- [main] o.h.e.t.j.p.i.JtaPlatformInitiator       : HHH000490: Using JtaPlatform implementation: [org.hibernate.engine.transaction.jta.platform.internal.NoJtaPlatform]
2022-11-08 11:25:03.149  INFO 16308 --- [main] j.LocalContainerEntityManagerFactoryBean : Initialized JPA EntityManagerFactory for persistence unit 'default'
2022-11-08 11:25:04.793  INFO 16308 --- [main] o.s.s.web.DefaultSecurityFilterChain     : Creating filter chain: any request, [org.springframework.security.web.context.request.async.WebAsyncManagerIntegrationFilter@62c46e53, org.springframework.security.web.context.SecurityContextPersistenceFilter@54a5496f, org.springframework.security.web.header.HeaderWriterFilter@59b853aa, org.springframework.web.filter.CorsFilter@55317c63, org.springframework.security.web.authentication.logout.LogoutFilter@2a4cb8ae, com.carrier.crud.security.jwt.JwtTokenFilter@774304ca, org.springframework.security.web.savedrequest.RequestCacheAwareFilter@12bcf7c6, org.springframework.security.web.servletapi.SecurityContextHolderAwareRequestFilter@64540344, org.springframework.security.web.authentication.AnonymousAuthenticationFilter@35d81657, org.springframework.security.web.session.SessionManagementFilter@57f725b8, org.springframework.security.web.access.ExceptionTranslationFilter@77ec9fdb, org.springframework.security.web.access.intercept.FilterSecurityInterceptor@58ac0823]
2022-11-08 11:25:05.084  INFO 16308 --- [main] o.s.s.concurrent.ThreadPoolTaskExecutor  : Initializing ExecutorService 'applicationTaskExecutor'
2022-11-08 11:25:05.228  WARN 16308 --- [main] ion$DefaultTemplateResolverConfiguration : Cannot find template location: classpath:/templates/ (please add some templates or check your Thymeleaf configuration)
2022-11-08 11:25:05.441  INFO 16308 --- [main] com.carrier.crud.CrudApplicationTests    : Started CrudApplicationTests in 6.993 seconds (JVM running for 8.139)
2022-11-08 11:25:05.592  INFO 16308 --- [SpringContextShutdownHook] o.s.s.concurrent.ThreadPoolTaskExecutor  : Shutting down ExecutorService 'applicationTaskExecutor'
2022-11-08 11:25:05.601  INFO 16308 --- [SpringContextShutdownHook] j.LocalContainerEntityManagerFactoryBean : Closing JPA EntityManagerFactory for persistence unit 'default'
2022-11-08 11:25:05.603  INFO 16308 --- [SpringContextShutdownHook] com.zaxxer.hikari.HikariDataSource       : HikariPool-1 - Shutdown initiated...
2022-11-08 11:25:05.621  INFO 16308 --- [SpringContextShutdownHook] com.zaxxer.hikari.HikariDataSource       : HikariPool-1 - Shutdown completed.
