2022-11-18 12:46:57.409  INFO 13552 --- [main] com.carrier.crud.CrudApplicationTests    : Starting CrudApplicationTests on DESKTOP-JSSIA35 with PID 13552 (started by FranMovilnet in C:\Users\FranMovilnet\Desktop\Noel\InterconexionesIX\carriermovilnetBackend-v2)
2022-11-18 12:46:57.412  INFO 13552 --- [main] com.carrier.crud.CrudApplicationTests    : No active profile set, falling back to default profiles: default
2022-11-18 12:46:58.636  INFO 13552 --- [main] .s.d.r.c.RepositoryConfigurationDelegate : Bootstrapping Spring Data JPA repositories in DEFAULT mode.
2022-11-18 12:46:58.782  INFO 13552 --- [main] .s.d.r.c.RepositoryConfigurationDelegate : Finished Spring Data repository scanning in 137ms. Found 12 JPA repository interfaces.
2022-11-18 12:46:59.298  INFO 13552 --- [main] trationDelegate$BeanPostProcessorChecker : Bean 'org.springframework.transaction.annotation.ProxyTransactionManagementConfiguration' of type [org.springframework.transaction.annotation.ProxyTransactionManagementConfiguration] is not eligible for getting processed by all BeanPostProcessors (for example: not eligible for auto-proxying)
2022-11-18 12:46:59.333  INFO 13552 --- [main] trationDelegate$BeanPostProcessorChecker : Bean 'org.springframework.security.config.annotation.configuration.ObjectPostProcessorConfiguration' of type [org.springframework.security.config.annotation.configuration.ObjectPostProcessorConfiguration] is not eligible for getting processed by all BeanPostProcessors (for example: not eligible for auto-proxying)
2022-11-18 12:46:59.338  INFO 13552 --- [main] trationDelegate$BeanPostProcessorChecker : Bean 'objectPostProcessor' of type [org.springframework.security.config.annotation.configuration.AutowireBeanFactoryObjectPostProcessor] is not eligible for getting processed by all BeanPostProcessors (for example: not eligible for auto-proxying)
2022-11-18 12:46:59.340  INFO 13552 --- [main] trationDelegate$BeanPostProcessorChecker : Bean 'org.springframework.security.access.expression.method.DefaultMethodSecurityExpressionHandler@95bb2a2' of type [org.springframework.security.access.expression.method.DefaultMethodSecurityExpressionHandler] is not eligible for getting processed by all BeanPostProcessors (for example: not eligible for auto-proxying)
2022-11-18 12:46:59.346  INFO 13552 --- [main] trationDelegate$BeanPostProcessorChecker : Bean 'org.springframework.security.config.annotation.method.configuration.GlobalMethodSecurityConfiguration' of type [org.springframework.security.config.annotation.method.configuration.GlobalMethodSecurityConfiguration] is not eligible for getting processed by all BeanPostProcessors (for example: not eligible for auto-proxying)
2022-11-18 12:46:59.353  INFO 13552 --- [main] trationDelegate$BeanPostProcessorChecker : Bean 'methodSecurityMetadataSource' of type [org.springframework.security.access.method.DelegatingMethodSecurityMetadataSource] is not eligible for getting processed by all BeanPostProcessors (for example: not eligible for auto-proxying)
2022-11-18 12:46:59.814  INFO 13552 --- [main] o.hibernate.jpa.internal.util.LogHelper  : HHH000204: Processing PersistenceUnitInfo [name: default]
2022-11-18 12:47:00.027  INFO 13552 --- [main] org.hibernate.Version                    : HHH000412: Hibernate Core {5.4.9.Final}
2022-11-18 12:47:00.269  INFO 13552 --- [main] o.hibernate.annotations.common.Version   : HCANN000001: Hibernate Commons Annotations {5.1.0.Final}
2022-11-18 12:47:00.665  INFO 13552 --- [main] com.zaxxer.hikari.HikariDataSource       : HikariPool-1 - Starting...
2022-11-18 12:47:01.133  INFO 13552 --- [main] com.zaxxer.hikari.HikariDataSource       : HikariPool-1 - Start completed.
2022-11-18 12:47:01.173  INFO 13552 --- [main] org.hibernate.dialect.Dialect            : HHH000400: Using dialect: org.hibernate.dialect.PostgreSQLDialect
2022-11-18 12:47:02.645  INFO 13552 --- [main] o.h.e.t.j.p.i.JtaPlatformInitiator       : HHH000490: Using JtaPlatform implementation: [org.hibernate.engine.transaction.jta.platform.internal.NoJtaPlatform]
2022-11-18 12:47:02.654  INFO 13552 --- [main] j.LocalContainerEntityManagerFactoryBean : Initialized JPA EntityManagerFactory for persistence unit 'default'
2022-11-18 12:47:04.372  INFO 13552 --- [main] o.s.s.web.DefaultSecurityFilterChain     : Creating filter chain: any request, [org.springframework.security.web.context.request.async.WebAsyncManagerIntegrationFilter@5d94ac8a, org.springframework.security.web.context.SecurityContextPersistenceFilter@28bc9749, org.springframework.security.web.header.HeaderWriterFilter@2361365c, org.springframework.web.filter.CorsFilter@288b73c1, org.springframework.security.web.authentication.logout.LogoutFilter@20be793a, com.carrier.crud.security.jwt.JwtTokenFilter@60c4cf2b, org.springframework.security.web.savedrequest.RequestCacheAwareFilter@3a116ca6, org.springframework.security.web.servletapi.SecurityContextHolderAwareRequestFilter@1123d461, org.springframework.security.web.authentication.AnonymousAuthenticationFilter@104cfb24, org.springframework.security.web.session.SessionManagementFilter@56d5460f, org.springframework.security.web.access.ExceptionTranslationFilter@72b10258, org.springframework.security.web.access.intercept.FilterSecurityInterceptor@fe156f4]
2022-11-18 12:47:04.694  INFO 13552 --- [main] o.s.s.concurrent.ThreadPoolTaskExecutor  : Initializing ExecutorService 'applicationTaskExecutor'
2022-11-18 12:47:04.829  WARN 13552 --- [main] ion$DefaultTemplateResolverConfiguration : Cannot find template location: classpath:/templates/ (please add some templates or check your Thymeleaf configuration)
2022-11-18 12:47:05.056  INFO 13552 --- [main] com.carrier.crud.CrudApplicationTests    : Started CrudApplicationTests in 8.032 seconds (JVM running for 9.646)
2022-11-18 12:47:05.286  INFO 13552 --- [SpringContextShutdownHook] o.s.s.concurrent.ThreadPoolTaskExecutor  : Shutting down ExecutorService 'applicationTaskExecutor'
2022-11-18 12:47:05.290  INFO 13552 --- [SpringContextShutdownHook] j.LocalContainerEntityManagerFactoryBean : Closing JPA EntityManagerFactory for persistence unit 'default'
2022-11-18 12:47:05.293  INFO 13552 --- [SpringContextShutdownHook] com.zaxxer.hikari.HikariDataSource       : HikariPool-1 - Shutdown initiated...
2022-11-18 12:47:05.301  INFO 13552 --- [SpringContextShutdownHook] com.zaxxer.hikari.HikariDataSource       : HikariPool-1 - Shutdown completed.
